\BOOKMARK [0][-]{section*.7}{\376\377\000I\000n\000t\000r\000o\000d\000u\000c\000c\000i\000\363\000n}{}% 1
\BOOKMARK [0][-]{chapter.1}{\376\377\000A\000p\000r\000e\000n\000d\000i\000z\000a\000j\000e\000\040\000A\000u\000t\000o\000m\000\341\000t\000i\000c\000o\000\040\000y\000\040\000A\000u\000t\000o\000M\000L}{}% 2
\BOOKMARK [1][-]{section.1.1}{\376\377\000A\000p\000r\000e\000n\000d\000i\000z\000a\000j\000e\000\040\000A\000u\000t\000o\000m\000\341\000t\000i\000c\000o}{chapter.1}% 3
\BOOKMARK [1][-]{section.1.2}{\376\377\000P\000r\000o\000c\000e\000s\000o\000\040\000d\000e\000\040\000d\000e\000s\000c\000u\000b\000r\000i\000m\000i\000e\000n\000t\000o\000\040\000d\000e\000\040\000c\000o\000n\000o\000c\000i\000m\000i\000e\000n\000t\000o\000\040\000e\000n\000\040\000b\000a\000s\000e\000s\000\040\000d\000e\000\040\000d\000a\000t\000o\000s}{chapter.1}% 4
\BOOKMARK [1][-]{section.1.3}{\376\377\000M\000i\000n\000e\000r\000\355\000a\000\040\000d\000e\000\040\000D\000a\000t\000o\000s}{chapter.1}% 5
\BOOKMARK [2][-]{subsection.1.3.1}{\376\377\000C\000l\000a\000s\000i\000f\000i\000c\000a\000c\000i\000\363\000n}{section.1.3}% 6
\BOOKMARK [1][-]{section.1.4}{\376\377\000A\000u\000t\000o\000M\000L}{chapter.1}% 7
\BOOKMARK [2][-]{subsection.1.4.1}{\376\377\000P\000r\000e\000p\000r\000o\000c\000e\000s\000a\000d\000o}{section.1.4}% 8
\BOOKMARK [2][-]{subsection.1.4.2}{\376\377\000O\000p\000t\000i\000m\000i\000z\000a\000c\000i\000\363\000n\000\040\000d\000e\000\040\000h\000i\000p\000e\000r\000p\000a\000r\000\341\000m\000e\000t\000r\000o\000s}{section.1.4}% 9
\BOOKMARK [1][-]{section.1.5}{\376\377\000H\000e\000r\000r\000a\000m\000i\000e\000n\000t\000a\000\040\000d\000e\000\040\000m\000i\000n\000e\000r\000\355\000a\000\040\000d\000e\000\040\000d\000a\000t\000o\000s\000\040\000K\000N\000I\000M\000E}{chapter.1}% 10
\BOOKMARK [1][-]{section.1.6}{\376\377\000C\000o\000m\000p\000o\000n\000e\000n\000t\000e\000\040\000e\000n\000\040\000K\000N\000I\000M\000E\000\040\000d\000e\000\040\000A\000u\000t\000o\000M\000L\000\040\000p\000a\000r\000a\000\040\000e\000l\000\040\000p\000r\000e\000-\000p\000r\000o\000c\000e\000s\000a\000d\000o\000\040\000e\000n\000\040\000t\000a\000r\000e\000a\000s\000\040\000d\000e\000\040\000c\000l\000a\000s\000i\000f\000i\000c\000a\000c\000i\000\363\000n}{chapter.1}% 11
\BOOKMARK [1][-]{section.1.7}{\376\377\000B\000a\000s\000e\000s\000\040\000d\000e\000\040\000d\000a\000t\000o\000s\000\040\000d\000e\000\040\000p\000r\000u\000e\000b\000a}{chapter.1}% 12
\BOOKMARK [2][-]{subsection.1.7.1}{\376\377\000R\000e\000p\000o\000s\000i\000t\000o\000r\000i\000o\000\040\000K\000a\000g\000g\000l\000e}{section.1.7}% 13
\BOOKMARK [2][-]{subsection.1.7.2}{\376\377\000R\000e\000p\000o\000s\000i\000t\000o\000r\000i\000o\000\040\000U\000C\000I\000\040\000M\000a\000c\000h\000i\000n\000e\000\040\000L\000e\000a\000r\000n\000i\000n\000g}{section.1.7}% 14
\BOOKMARK [1][-]{section.1.8}{\376\377\000C\000o\000n\000c\000l\000u\000s\000i\000o\000n\000e\000s\000\040\000p\000a\000r\000c\000i\000a\000l\000e\000s}{chapter.1}% 15
\BOOKMARK [0][-]{section*.15}{\376\377\000C\000o\000n\000c\000l\000u\000s\000i\000o\000n\000e\000s}{}% 16
\BOOKMARK [0][-]{section*.17}{\376\377\000R\000e\000c\000o\000m\000e\000n\000d\000a\000c\000i\000o\000n\000e\000s}{}% 17
\BOOKMARK [0][-]{section*.19}{\376\377\000R\000e\000f\000e\000r\000e\000n\000c\000i\000a\000s\000\040\000b\000i\000b\000l\000i\000o\000g\000r\000\341\000f\000i\000c\000a\000s}{}% 18
\BOOKMARK [0][-]{section*.21}{\376\377\000A\000n\000e\000x\000o\000s}{}% 19
\BOOKMARK [0][-]{appendix.Alph1}{\376\377\000A\000n\000e\000x\000o\000s}{}% 20
\BOOKMARK [1][-]{section.Alph1.1}{\376\377\000F\000a\000s\000e\000s\000\040\000y\000\040\000t\000a\000r\000e\000a\000s\000\040\000d\000e\000\040\000l\000a\000\040\000m\000e\000t\000o\000d\000o\000l\000o\000g\000\355\000a\000\040\000C\000R\000I\000S\000P\000-\000D\000M}{appendix.Alph1}% 21
\BOOKMARK [1][-]{section.Alph1.2}{\376\377\000E\000s\000t\000u\000d\000i\000o\000\040\000d\000e\000\040\000a\000l\000g\000o\000r\000i\000t\000m\000o\000s\000\040\000s\000u\000p\000e\000r\000v\000i\000s\000a\000d\000o\000s}{appendix.Alph1}% 22
\BOOKMARK [1][-]{section.Alph1.3}{\376\377\000E\000s\000t\000u\000d\000i\000o\000\040\000d\000e\000\040\000a\000l\000g\000o\000r\000i\000t\000m\000o\000s\000\040\000n\000o\000\040\000s\000u\000p\000e\000r\000v\000i\000s\000a\000d\000o\000s}{appendix.Alph1}% 23
\BOOKMARK [1][-]{section.Alph1.4}{\376\377\000M\000o\000d\000e\000l\000o\000\040\000d\000e\000\040\000\301\000r\000b\000o\000l\000\040\000d\000e\000\040\000D\000e\000c\000i\000s\000i\000\363\000n}{appendix.Alph1}% 24
\BOOKMARK [2][-]{subsection.Alph1.4.1}{\376\377\000R\000e\000s\000u\000l\000t\000a\000d\000o\000s\000\040\000d\000e\000\040\000l\000a\000\040\000e\000j\000e\000c\000u\000c\000i\000\363\000n\000\040\000d\000e\000l\000\040\000n\000o\000d\000o\000\040\000D\000e\000c\000i\000s\000i\000o\000n\000\040\000T\000r\000e\000e}{section.Alph1.4}% 25
\BOOKMARK [1][-]{section.Alph1.5}{\376\377\000M\000o\000d\000e\000l\000o\000\040\000d\000e\000\040\000R\000a\000n\000d\000o\000m\000\040\000F\000o\000r\000e\000s\000t}{appendix.Alph1}% 26
\BOOKMARK [2][-]{subsection.Alph1.5.1}{\376\377\000R\000e\000s\000u\000l\000t\000a\000d\000o\000s\000\040\000d\000e\000\040\000l\000a\000\040\000e\000j\000e\000c\000u\000c\000i\000\363\000n\000\040\000d\000e\000l\000\040\000n\000o\000d\000o\000\040\000R\000a\000n\000d\000o\000m\000\040\000F\000o\000r\000e\000s\000t}{section.Alph1.5}% 27
