This is pdfTeX, Version 3.141592653-2.6-1.40.25 (MiKTeX 23.10) (preloaded format=pdflatex 2023.10.12)  8 NOV 2023 17:13
entering extended mode
 restricted \write18 enabled.
 %&-line parsing enabled.
**./informe-practicas.tex
(informe-practicas.tex
LaTeX2e <2022-11-01> patch level 1
L3 programming layer <2023-03-30>
(C:\Users\Jenny\AppData\Local\Programs\MiKTeX\tex/latex/base\report.cls
Document Class: report 2022/07/02 v1.4n Standard LaTeX document class
(C:\Users\Jenny\AppData\Local\Programs\MiKTeX\tex/latex/base\size12.clo
File: size12.clo 2022/07/02 v1.4n Standard LaTeX file (size option)
)
\c@part=\count185
\c@chapter=\count186
\c@section=\count187
\c@subsection=\count188
\c@subsubsection=\count189
\c@paragraph=\count190
\c@subparagraph=\count191
\c@figure=\count192
\c@table=\count193
\abovecaptionskip=\skip48
\belowcaptionskip=\skip49
\bibindent=\dimen140
)
(C:\Users\Jenny\AppData\Local\Programs\MiKTeX\tex/latex/base\inputenc.sty
Package: inputenc 2021/02/14 v1.3d Input encoding file
\inpenc@prehook=\toks16
\inpenc@posthook=\toks17
)
(C:\Users\Jenny\AppData\Local\Programs\MiKTeX\tex/generic/babel\babel.sty
Package: babel 2023/09/29 v3.95 The Babel package
\babel@savecnt=\count194
\U@D=\dimen141
\l@unhyphenated=\language79

(C:\Users\Jenny\AppData\Local\Programs\MiKTeX\tex/generic/babel\txtbabel.def)
\bbl@readstream=\read2
\bbl@dirlevel=\count195

*************************************
* Local config file bblopts.cfg used
*
(C:\Users\Jenny\AppData\Local\Programs\MiKTeX\tex/latex/arabi\bblopts.cfg
File: bblopts.cfg 2005/09/08 v0.1 add Arabic and Farsi to "declared" options of
 babel
)
(C:\Users\Jenny\AppData\Local\Programs\MiKTeX\tex/latex/babel-spanish\spanish.l
df
Language: spanish.ldf 2021/05/27 v5.0q Spanish support from the babel system
\es@quottoks=\toks18
\es@quotdepth=\count196
Package babel Info: Making " an active character on input line 570.
Package babel Info: Making . an active character on input line 675.
Package babel Info: Making < an active character on input line 722.
Package babel Info: Making > an active character on input line 722.
))
(C:\Users\Jenny\AppData\Local\Programs\MiKTeX\tex/generic/babel/locale/es\babel
-spanish.tex
Package babel Info: Importing font and identification data for spanish
(babel)             from babel-es.ini. Reported on input line 11.
)
(C:\Users\Jenny\AppData\Local\Programs\MiKTeX\tex/latex/amsmath\amsmath.sty
Package: amsmath 2023/05/13 v2.17o AMS math features
\@mathmargin=\skip50

For additional information on amsmath, use the `?' option.
(C:\Users\Jenny\AppData\Local\Programs\MiKTeX\tex/latex/amsmath\amstext.sty
Package: amstext 2021/08/26 v2.01 AMS text

(C:\Users\Jenny\AppData\Local\Programs\MiKTeX\tex/latex/amsmath\amsgen.sty
File: amsgen.sty 1999/11/30 v2.0 generic functions
\@emptytoks=\toks19
\ex@=\dimen142
))
(C:\Users\Jenny\AppData\Local\Programs\MiKTeX\tex/latex/amsmath\amsbsy.sty
Package: amsbsy 1999/11/29 v1.2d Bold Symbols
\pmbraise@=\dimen143
)
(C:\Users\Jenny\AppData\Local\Programs\MiKTeX\tex/latex/amsmath\amsopn.sty
Package: amsopn 2022/04/08 v2.04 operator names
)
\inf@bad=\count197
LaTeX Info: Redefining \frac on input line 234.
\uproot@=\count198
\leftroot@=\count199
LaTeX Info: Redefining \overline on input line 399.
LaTeX Info: Redefining \colon on input line 410.
\classnum@=\count266
\DOTSCASE@=\count267
LaTeX Info: Redefining \ldots on input line 496.
LaTeX Info: Redefining \dots on input line 499.
LaTeX Info: Redefining \cdots on input line 620.
\Mathstrutbox@=\box51
\strutbox@=\box52
LaTeX Info: Redefining \big on input line 722.
LaTeX Info: Redefining \Big on input line 723.
LaTeX Info: Redefining \bigg on input line 724.
LaTeX Info: Redefining \Bigg on input line 725.
\big@size=\dimen144
LaTeX Font Info:    Redeclaring font encoding OML on input line 743.
LaTeX Font Info:    Redeclaring font encoding OMS on input line 744.
\macc@depth=\count268
LaTeX Info: Redefining \bmod on input line 905.
LaTeX Info: Redefining \pmod on input line 910.
LaTeX Info: Redefining \smash on input line 940.
LaTeX Info: Redefining \relbar on input line 970.
LaTeX Info: Redefining \Relbar on input line 971.
\c@MaxMatrixCols=\count269
\dotsspace@=\muskip16
\c@parentequation=\count270
\dspbrk@lvl=\count271
\tag@help=\toks20
\row@=\count272
\column@=\count273
\maxfields@=\count274
\andhelp@=\toks21
\eqnshift@=\dimen145
\alignsep@=\dimen146
\tagshift@=\dimen147
\tagwidth@=\dimen148
\totwidth@=\dimen149
\lineht@=\dimen150
\@envbody=\toks22
\multlinegap=\skip51
\multlinetaggap=\skip52
\mathdisplay@stack=\toks23
LaTeX Info: Redefining \[ on input line 2953.
LaTeX Info: Redefining \] on input line 2954.
)
(C:\Users\Jenny\AppData\Local\Programs\MiKTeX\tex/latex/amsfonts\amsfonts.sty
Package: amsfonts 2013/01/14 v3.01 Basic AMSFonts support
\symAMSa=\mathgroup4
\symAMSb=\mathgroup5
LaTeX Font Info:    Redeclaring math symbol \hbar on input line 98.
LaTeX Font Info:    Overwriting math alphabet `\mathfrak' in version `bold'
(Font)                  U/euf/m/n --> U/euf/b/n on input line 106.
)
(C:\Users\Jenny\AppData\Local\Programs\MiKTeX\tex/latex/amsfonts\amssymb.sty
Package: amssymb 2013/01/14 v3.01 AMS font symbols
)
(C:\Users\Jenny\AppData\Local\Programs\MiKTeX\tex/latex/float\float.sty
Package: float 2001/11/08 v1.3d Float enhancements (AL)
\c@float@type=\count275
\float@exts=\toks24
\float@box=\box53
\@float@everytoks=\toks25
\@floatcapt=\box54
)
(C:\Users\Jenny\AppData\Local\Programs\MiKTeX\tex/latex/base\makeidx.sty
Package: makeidx 2021/10/04 v1.0m Standard LaTeX package
)
(C:\Users\Jenny\AppData\Local\Programs\MiKTeX\tex/latex/graphics\graphicx.sty
Package: graphicx 2021/09/16 v1.2d Enhanced LaTeX Graphics (DPC,SPQR)

(C:\Users\Jenny\AppData\Local\Programs\MiKTeX\tex/latex/graphics\keyval.sty
Package: keyval 2022/05/29 v1.15 key=value parser (DPC)
\KV@toks@=\toks26
)
(C:\Users\Jenny\AppData\Local\Programs\MiKTeX\tex/latex/graphics\graphics.sty
Package: graphics 2022/03/10 v1.4e Standard LaTeX Graphics (DPC,SPQR)

(C:\Users\Jenny\AppData\Local\Programs\MiKTeX\tex/latex/graphics\trig.sty
Package: trig 2021/08/11 v1.11 sin cos tan (DPC)
)
(C:\Users\Jenny\AppData\Local\Programs\MiKTeX\tex/latex/graphics-cfg\graphics.c
fg
File: graphics.cfg 2016/06/04 v1.11 sample graphics configuration
)
Package graphics Info: Driver file: pdftex.def on input line 107.

(C:\Users\Jenny\AppData\Local\Programs\MiKTeX\tex/latex/graphics-def\pdftex.def
File: pdftex.def 2022/09/22 v1.2b Graphics/color driver for pdftex
))
\Gin@req@height=\dimen151
\Gin@req@width=\dimen152
) (C:\Users\Jenny\AppData\Local\Programs\MiKTeX\tex/latex/graphics\color.sty
Package: color 2022/01/06 v1.3d Standard LaTeX Color (DPC)

(C:\Users\Jenny\AppData\Local\Programs\MiKTeX\tex/latex/graphics-cfg\color.cfg
File: color.cfg 2016/01/02 v1.6 sample color configuration
)
Package color Info: Driver file: pdftex.def on input line 149.
(C:\Users\Jenny\AppData\Local\Programs\MiKTeX\tex/latex/graphics\mathcolor.ltx)
) (C:\Users\Jenny\AppData\Local\Programs\MiKTeX\tex/latex/xcharter\XCharter.sty
Package: XCharter 2023/07/21 v1.25

`XCharter' v1.25, 2023/07/21 Text macros for XCharter, an extension of Charter 
(msharpe)
(C:\Users\Jenny\AppData\Local\Programs\MiKTeX\tex/generic/iftex\iftex.sty
Package: iftex 2022/02/03 v1.0f TeX engine tests
)
(C:\Users\Jenny\AppData\Local\Programs\MiKTeX\tex/latex/xkeyval\xkeyval.sty
Package: xkeyval 2022/06/16 v2.9 package option processing (HA)

(C:\Users\Jenny\AppData\Local\Programs\MiKTeX\tex/generic/xkeyval\xkeyval.tex
(C:\Users\Jenny\AppData\Local\Programs\MiKTeX\tex/generic/xkeyval\xkvutils.tex
\XKV@toks=\toks27
\XKV@tempa@toks=\toks28
)
\XKV@depth=\count276
File: xkeyval.tex 2014/12/03 v2.7a key=value parser (HA)
))
(C:\Users\Jenny\AppData\Local\Programs\MiKTeX\tex/latex/etoolbox\etoolbox.sty
Package: etoolbox 2020/10/05 v2.5k e-TeX tools for LaTeX (JAW)
\etb@tempcnta=\count277
)
(C:\Users\Jenny\AppData\Local\Programs\MiKTeX\tex/latex/base\textcomp.sty
Package: textcomp 2020/02/02 v2.0n Standard LaTeX package
)
(C:\Users\Jenny\AppData\Local\Programs\MiKTeX\tex/latex/xstring\xstring.sty
(C:\Users\Jenny\AppData\Local\Programs\MiKTeX\tex/generic/xstring\xstring.tex
\xs_counta=\count278
\xs_countb=\count279
)
Package: xstring 2023/08/22 v1.86 String manipulations (CT)
) (C:\Users\Jenny\AppData\Local\Programs\MiKTeX\tex/latex/base\ifthen.sty
Package: ifthen 2022/04/13 v1.1d Standard LaTeX ifthen package (DPC)
)
(C:\Users\Jenny\AppData\Local\Programs\MiKTeX\tex/latex/carlisle\scalefnt.sty)
(C:\Users\Jenny\AppData\Local\Programs\MiKTeX\tex/latex/base\fontenc.sty
Package: fontenc 2021/04/29 v2.0v Standard LaTeX package
)
LaTeX Font Info:    Setting XCharter-LF sub-encoding to TS1/0 on input line 37.

LaTeX Font Info:    Changing XCharter-TLF sub-encoding to TS1/0 on input line 3
7.
LaTeX Font Info:    Setting XCharter-OsF sub-encoding to TS1/0 on input line 37
.
LaTeX Font Info:    Changing XCharter-TOsF sub-encoding to TS1/0 on input line 
37.
\xch@cnt=\count280

(C:\Users\Jenny\AppData\Local\Programs\MiKTeX\tex/latex/fontaxes\fontaxes.sty
Package: fontaxes 2020/07/21 v1.0e Font selection axes
LaTeX Info: Redefining \upshape on input line 29.
LaTeX Info: Redefining \itshape on input line 31.
LaTeX Info: Redefining \slshape on input line 33.
LaTeX Info: Redefining \swshape on input line 35.
LaTeX Info: Redefining \scshape on input line 37.
LaTeX Info: Redefining \sscshape on input line 39.
LaTeX Info: Redefining \ulcshape on input line 41.
LaTeX Info: Redefining \textsw on input line 47.
LaTeX Info: Redefining \textssc on input line 48.
LaTeX Info: Redefining \textulc on input line 49.
)
LaTeX Info: Redefining \textsu on input line 737.
LaTeX Info: Redefining \textde on input line 740.
LaTeX Info: Redefining \textinf on input line 742.
) (C:\Users\Jenny\AppData\Local\Programs\MiKTeX\tex/latex/multirow\multirow.sty
Package: multirow 2021/03/15 v2.8 Span multiple rows of a table
\multirow@colwidth=\skip53
\multirow@cntb=\count281
\multirow@dima=\skip54
\bigstrutjot=\dimen153
) (C:\Users\Jenny\AppData\Local\Programs\MiKTeX\tex/latex/natbib\natbib.sty
Package: natbib 2010/09/13 8.31b (PWD, AO)
\bibhang=\skip55
\bibsep=\skip56
LaTeX Info: Redefining \cite on input line 694.
\c@NAT@ctr=\count282
)
(C:\Users\Jenny\AppData\Local\Programs\MiKTeX\tex/latex/geometry\geometry.sty
Package: geometry 2020/01/02 v5.9 Page Geometry

(C:\Users\Jenny\AppData\Local\Programs\MiKTeX\tex/generic/iftex\ifvtex.sty
Package: ifvtex 2019/10/25 v1.7 ifvtex legacy package. Use iftex instead.
)
\Gm@cnth=\count283
\Gm@cntv=\count284
\c@Gm@tempcnt=\count285
\Gm@bindingoffset=\dimen154
\Gm@wd@mp=\dimen155
\Gm@odd@mp=\dimen156
\Gm@even@mp=\dimen157
\Gm@layoutwidth=\dimen158
\Gm@layoutheight=\dimen159
\Gm@layouthoffset=\dimen160
\Gm@layoutvoffset=\dimen161
\Gm@dimlist=\toks29

(C:\Users\Jenny\AppData\Local\Programs\MiKTeX\tex/latex/geometry\geometry.cfg))
(C:\Users\Jenny\AppData\Local\Programs\MiKTeX\tex/latex/caption\subcaption.sty
Package: subcaption 2023/07/28 v1.6b Sub-captions (AR)

(C:\Users\Jenny\AppData\Local\Programs\MiKTeX\tex/latex/caption\caption.sty
Package: caption 2023/08/05 v3.6o Customizing captions (AR)

(C:\Users\Jenny\AppData\Local\Programs\MiKTeX\tex/latex/caption\caption3.sty
Package: caption3 2023/07/31 v2.4d caption3 kernel (AR)
\caption@tempdima=\dimen162
\captionmargin=\dimen163
\caption@leftmargin=\dimen164
\caption@rightmargin=\dimen165
\caption@width=\dimen166
\caption@indent=\dimen167
\caption@parindent=\dimen168
\caption@hangindent=\dimen169
Package caption Info: Standard document class detected.
)
\c@caption@flags=\count286
\c@continuedfloat=\count287
Package caption Info: float package is loaded.
)
Package caption Info: New subtype `subfigure' on input line 238.
\c@subfigure=\count288
Package caption Info: New subtype `subtable' on input line 238.
\c@subtable=\count289
) (C:\Users\Jenny\AppData\Local\Programs\MiKTeX\tex/latex/hyperref\hyperref.sty
Package: hyperref 2023-02-07 v7.00v Hypertext links for LaTeX

(C:\Users\Jenny\AppData\Local\Programs\MiKTeX\tex/generic/ltxcmds\ltxcmds.sty
Package: ltxcmds 2020-05-10 v1.25 LaTeX kernel commands for general use (HO)
)
(C:\Users\Jenny\AppData\Local\Programs\MiKTeX\tex/generic/pdftexcmds\pdftexcmds
.sty
Package: pdftexcmds 2020-06-27 v0.33 Utility functions of pdfTeX for LuaTeX (HO
)

(C:\Users\Jenny\AppData\Local\Programs\MiKTeX\tex/generic/infwarerr\infwarerr.s
ty
Package: infwarerr 2019/12/03 v1.5 Providing info/warning/error messages (HO)
)
Package pdftexcmds Info: \pdf@primitive is available.
Package pdftexcmds Info: \pdf@ifprimitive is available.
Package pdftexcmds Info: \pdfdraftmode found.
)
(C:\Users\Jenny\AppData\Local\Programs\MiKTeX\tex/latex/kvsetkeys\kvsetkeys.sty
Package: kvsetkeys 2022-10-05 v1.19 Key value parser (HO)
)
(C:\Users\Jenny\AppData\Local\Programs\MiKTeX\tex/generic/kvdefinekeys\kvdefine
keys.sty
Package: kvdefinekeys 2019-12-19 v1.6 Define keys (HO)
)
(C:\Users\Jenny\AppData\Local\Programs\MiKTeX\tex/generic/pdfescape\pdfescape.s
ty
Package: pdfescape 2019/12/09 v1.15 Implements pdfTeX's escape features (HO)
) (C:\Users\Jenny\AppData\Local\Programs\MiKTeX\tex/latex/hycolor\hycolor.sty
Package: hycolor 2020-01-27 v1.10 Color options for hyperref/bookmark (HO)
)
(C:\Users\Jenny\AppData\Local\Programs\MiKTeX\tex/latex/letltxmacro\letltxmacro
.sty
Package: letltxmacro 2019/12/03 v1.6 Let assignment for LaTeX macros (HO)
)
(C:\Users\Jenny\AppData\Local\Programs\MiKTeX\tex/latex/auxhook\auxhook.sty
Package: auxhook 2019-12-17 v1.6 Hooks for auxiliary files (HO)
)
(C:\Users\Jenny\AppData\Local\Programs\MiKTeX\tex/latex/hyperref\nameref.sty
Package: nameref 2022-05-17 v2.50 Cross-referencing by name of section

(C:\Users\Jenny\AppData\Local\Programs\MiKTeX\tex/latex/refcount\refcount.sty
Package: refcount 2019/12/15 v3.6 Data extraction from label references (HO)
)
(C:\Users\Jenny\AppData\Local\Programs\MiKTeX\tex/generic/gettitlestring\gettit
lestring.sty
Package: gettitlestring 2019/12/15 v1.6 Cleanup title references (HO)

(C:\Users\Jenny\AppData\Local\Programs\MiKTeX\tex/latex/kvoptions\kvoptions.sty
Package: kvoptions 2022-06-15 v3.15 Key value format for package options (HO)
))
\c@section@level=\count290
)
\@linkdim=\dimen170
\Hy@linkcounter=\count291
\Hy@pagecounter=\count292
 (C:\Users\Jenny\AppData\Local\Programs\MiKTeX\tex/latex/hyperref\pd1enc.def
File: pd1enc.def 2023-02-07 v7.00v Hyperref: PDFDocEncoding definition (HO)
Now handling font encoding PD1 ...
... no UTF-8 mapping file for font encoding PD1
) (C:\Users\Jenny\AppData\Local\Programs\MiKTeX\tex/generic/intcalc\intcalc.sty
Package: intcalc 2019/12/15 v1.3 Expandable calculations with integers (HO)
)
(C:\Users\Jenny\AppData\Local\Programs\MiKTeX\tex/generic/etexcmds\etexcmds.sty
Package: etexcmds 2019/12/15 v1.7 Avoid name clashes with e-TeX commands (HO)
)
\Hy@SavedSpaceFactor=\count293
 (C:\Users\Jenny\AppData\Local\Programs\MiKTeX\tex/latex/hyperref\puenc.def
File: puenc.def 2023-02-07 v7.00v Hyperref: PDF Unicode definition (HO)
Now handling font encoding PU ...
... no UTF-8 mapping file for font encoding PU
)
Package hyperref Info: Option `breaklinks' set `true' on input line 4060.
Package hyperref Info: Option `colorlinks' set `true' on input line 4060.
Package hyperref Info: Hyper figures OFF on input line 4177.
Package hyperref Info: Link nesting OFF on input line 4182.
Package hyperref Info: Hyper index ON on input line 4185.
Package hyperref Info: Plain pages OFF on input line 4192.
Package hyperref Info: Backreferencing OFF on input line 4197.
Package hyperref Info: Implicit mode ON; LaTeX internals redefined.
Package hyperref Info: Bookmarks ON on input line 4425.
\c@Hy@tempcnt=\count294

(C:\Users\Jenny\AppData\Local\Programs\MiKTeX\tex/latex/url\url.sty
\Urlmuskip=\muskip17
Package: url 2013/09/16  ver 3.4  Verb mode for urls, etc.
)
LaTeX Info: Redefining \url on input line 4763.
\XeTeXLinkMargin=\dimen171

(C:\Users\Jenny\AppData\Local\Programs\MiKTeX\tex/generic/bitset\bitset.sty
Package: bitset 2019/12/09 v1.3 Handle bit-vector datatype (HO)

(C:\Users\Jenny\AppData\Local\Programs\MiKTeX\tex/generic/bigintcalc\bigintcalc
.sty
Package: bigintcalc 2019/12/15 v1.5 Expandable calculations on big integers (HO
)
))
\Fld@menulength=\count295
\Field@Width=\dimen172
\Fld@charsize=\dimen173
Package hyperref Info: Hyper figures OFF on input line 6042.
Package hyperref Info: Link nesting OFF on input line 6047.
Package hyperref Info: Hyper index ON on input line 6050.
Package hyperref Info: backreferencing OFF on input line 6057.
Package hyperref Info: Link coloring ON on input line 6060.
Package hyperref Info: Link coloring with OCG OFF on input line 6067.
Package hyperref Info: PDF/A mode OFF on input line 6072.

(C:\Users\Jenny\AppData\Local\Programs\MiKTeX\tex/latex/base\atbegshi-ltx.sty
Package: atbegshi-ltx 2021/01/10 v1.0c Emulation of the original atbegshi
package with kernel methods
)
\Hy@abspage=\count296
\c@Item=\count297
\c@Hfootnote=\count298
)
Package hyperref Info: Driver (autodetected): hpdftex.
(C:\Users\Jenny\AppData\Local\Programs\MiKTeX\tex/latex/hyperref\hpdftex.def
File: hpdftex.def 2023-02-07 v7.00v Hyperref driver for pdfTeX

(C:\Users\Jenny\AppData\Local\Programs\MiKTeX\tex/latex/base\atveryend-ltx.sty
Package: atveryend-ltx 2020/08/19 v1.0a Emulation of the original atveryend pac
kage
with kernel methods
)
\Fld@listcount=\count299
\c@bookmark@seq@number=\count300

(C:\Users\Jenny\AppData\Local\Programs\MiKTeX\tex/latex/rerunfilecheck\rerunfil
echeck.sty
Package: rerunfilecheck 2022-07-10 v1.10 Rerun checks for auxiliary files (HO)

(C:\Users\Jenny\AppData\Local\Programs\MiKTeX\tex/generic/uniquecounter\uniquec
ounter.sty
Package: uniquecounter 2019/12/15 v1.4 Provide unlimited unique counter (HO)
)
Package uniquecounter Info: New unique counter `rerunfilecheck' on input line 2
85.
)
\Hy@SectionHShift=\skip57
)
(C:\Users\Jenny\AppData\Local\Programs\MiKTeX\tex/latex/makecell\makecell.sty
Package: makecell 2009/08/03 V0.1e Managing of Tab Column Heads and Cells

(C:\Users\Jenny\AppData\Local\Programs\MiKTeX\tex/latex/tools\array.sty
Package: array 2022/09/04 v2.5g Tabular extension package (FMi)
\col@sep=\dimen174
\ar@mcellbox=\box55
\extrarowheight=\dimen175
\NC@list=\toks30
\extratabsurround=\skip58
\backup@length=\skip59
\ar@cellbox=\box56
)
\rotheadsize=\dimen176
\c@nlinenum=\count301
\TeXr@lab=\toks31
)
(C:\Users\Jenny\AppData\Local\Programs\MiKTeX\tex/latex/enumitem\enumitem.sty
Package: enumitem 2019/06/20 v3.9 Customized lists
\labelindent=\skip60
\enit@outerparindent=\dimen177
\enit@toks=\toks32
\enit@inbox=\box57
\enit@count@id=\count302
\enitdp@description=\count303
)
(C:\Users\Jenny\AppData\Local\Programs\MiKTeX\tex/latex/xcolor\xcolor.sty
Package: xcolor 2022/06/12 v2.14 LaTeX color extensions (UK)

(C:\Users\Jenny\AppData\Local\Programs\MiKTeX\tex/latex/graphics-cfg\color.cfg
File: color.cfg 2016/01/02 v1.6 sample color configuration
)
Package xcolor Info: Driver file: pdftex.def on input line 227.
(C:\Users\Jenny\AppData\Local\Programs\MiKTeX\tex/latex/colortbl\colortbl.sty
Package: colortbl 2022/06/20 v1.0f Color table columns (DPC)
\everycr=\toks33
\minrowclearance=\skip61
\rownum=\count304
)
LaTeX Info: Redefining \color on input line 711.

(C:\Users\Jenny\AppData\Local\Programs\MiKTeX\tex/latex/graphics\mathcolor.ltx)
Package xcolor Info: Model `cmy' substituted by `cmy0' on input line 1353.
Package xcolor Info: Model `hsb' substituted by `rgb' on input line 1357.
Package xcolor Info: Model `RGB' extended on input line 1369.
Package xcolor Info: Model `HTML' substituted by `rgb' on input line 1371.
Package xcolor Info: Model `Hsb' substituted by `hsb' on input line 1372.
Package xcolor Info: Model `tHsb' substituted by `hsb' on input line 1373.
Package xcolor Info: Model `HSB' substituted by `hsb' on input line 1374.
Package xcolor Info: Model `Gray' substituted by `gray' on input line 1375.
Package xcolor Info: Model `wave' substituted by `hsb' on input line 1376.
) (C:\Users\Jenny\AppData\Local\Programs\MiKTeX\tex/latex/tools\longtable.sty
Package: longtable 2021-09-01 v4.17 Multi-page Table package (DPC)
\LTleft=\skip62
\LTright=\skip63
\LTpre=\skip64
\LTpost=\skip65
\LTchunksize=\count305
\LTcapwidth=\dimen178
\LT@head=\box58
\LT@firsthead=\box59
\LT@foot=\box60
\LT@lastfoot=\box61
\LT@gbox=\box62
\LT@cols=\count306
\LT@rows=\count307
\c@LT@tables=\count308
\c@LT@chunks=\count309
\LT@p@ftn=\toks34
)
(C:\Users\Jenny\AppData\Local\Programs\MiKTeX\tex/latex/booktabs\booktabs.sty
Package: booktabs 2020/01/12 v1.61803398 Publication quality tables
\heavyrulewidth=\dimen179
\lightrulewidth=\dimen180
\cmidrulewidth=\dimen181
\belowrulesep=\dimen182
\belowbottomsep=\dimen183
\aboverulesep=\dimen184
\abovetopsep=\dimen185
\cmidrulesep=\dimen186
\cmidrulekern=\dimen187
\defaultaddspace=\dimen188
\@cmidla=\count310
\@cmidlb=\count311
\@aboverulesep=\dimen189
\@belowrulesep=\dimen190
\@thisruleclass=\count312
\@lastruleclass=\count313
\@thisrulewidth=\dimen191
)
(C:\Users\Jenny\AppData\Local\Programs\MiKTeX\tex/latex/appendix\appendix.sty
Package: appendix 2020/02/08 v1.2c extra appendix facilities
\c@@pps=\count314
\c@@ppsavesec=\count315
\c@@ppsaveapp=\count316
)
(C:\Users\Jenny\AppData\Local\Programs\MiKTeX\tex/latex/graphics\rotating.sty
Package: rotating 2016/08/11 v2.16d rotated objects in LaTeX
\c@r@tfl@t=\count317
\rotFPtop=\skip66
\rotFPbot=\skip67
\rot@float@box=\box63
\rot@mess@toks=\toks35
)
(algorithm2e.sty
Package: algorithm2e 2017/07/18 v5.2 algorithms environments
\c@AlgoLine=\count318
\algocf@hangindent=\skip68

(C:\Users\Jenny\AppData\Local\Programs\MiKTeX\tex/latex/ifoddpage\ifoddpage.sty
Package: ifoddpage 2022/10/18 v1.2 Conditionals for odd/even page detection
\c@checkoddpage=\count319
) (C:\Users\Jenny\AppData\Local\Programs\MiKTeX\tex/latex/tools\xspace.sty
Package: xspace 2014/10/28 v1.13 Space after command names (DPC,MH)
)
(C:\Users\Jenny\AppData\Local\Programs\MiKTeX\tex/latex/relsize\relsize.sty
Package: relsize 2013/03/29 ver 4.1
)
\skiptotal=\skip69
\skiplinenumber=\skip70
\skiprule=\skip71
\skiphlne=\skip72
\skiptext=\skip73
\skiplength=\skip74
\algomargin=\skip75
\skipalgocfslide=\skip76
\algowidth=\dimen192
\inoutsize=\dimen193
\inoutindent=\dimen194
\interspacetitleruled=\dimen195
\interspacealgoruled=\dimen196
\interspacetitleboxruled=\dimen197
\algocf@ruledwidth=\skip77
\algocf@inoutbox=\box64
\algocf@inputbox=\box65
\AlCapSkip=\skip78
\AlCapHSkip=\skip79
\algoskipindent=\skip80
\algocf@nlbox=\box66
\algocf@hangingbox=\box67
\algocf@untilbox=\box68
\algocf@skipuntil=\skip81
\algocf@capbox=\box69
\algocf@lcaptionbox=\skip82
\algoheightruledefault=\skip83
\algoheightrule=\skip84
\algotitleheightruledefault=\skip85
\algotitleheightrule=\skip86
\c@algocfline=\count320
\c@algocfproc=\count321
\c@algocf=\count322
\algocf@algoframe=\box70
\algocf@algobox=\box71
)
(C:\Users\Jenny\AppData\Local\Programs\MiKTeX\tex/latex/koma-script\typearea.st
y
Package: typearea 2023/07/07 v3.41 KOMA-Script package (type area)

(C:\Users\Jenny\AppData\Local\Programs\MiKTeX\tex/latex/koma-script\scrkbase.st
y
Package: scrkbase 2023/07/07 v3.41 KOMA-Script package (KOMA-Script-dependent b
asics and keyval usage)

(C:\Users\Jenny\AppData\Local\Programs\MiKTeX\tex/latex/koma-script\scrbase.sty
Package: scrbase 2023/07/07 v3.41 KOMA-Script package (KOMA-Script-independent 
basics and keyval usage)

(C:\Users\Jenny\AppData\Local\Programs\MiKTeX\tex/latex/koma-script\scrlfile.st
y
Package: scrlfile 2023/07/07 v3.41 KOMA-Script package (file load hooks)

(C:\Users\Jenny\AppData\Local\Programs\MiKTeX\tex/latex/koma-script\scrlfile-ho
ok.sty
Package: scrlfile-hook 2023/07/07 v3.41 KOMA-Script package (using LaTeX hooks)


(C:\Users\Jenny\AppData\Local\Programs\MiKTeX\tex/latex/koma-script\scrlogo.sty
Package: scrlogo 2023/07/07 v3.41 KOMA-Script package (logo)
)))
Applying: [2021/05/01] Usage of raw or classic option list on input line 252.
Already applied: [0000/00/00] Usage of raw or classic option list on input line
 368.
))
\ta@bcor=\skip87
\ta@div=\count323
Package typearea Info: You've used standard option `letterpaper'.
(typearea)             This is correct!
(typearea)             Internally I'm using `paper=letter'.
(typearea)             If you'd like to set the option with \KOMAoptions,
(typearea)             you'd have to use `paper=letter' there
(typearea)             instead of `letterpaper', too.
\ta@hblk=\skip88
\ta@vblk=\skip89
\ta@temp=\skip90
\footheight=\skip91
Package typearea Info: With paper sizes other than (almost) `A4' predefined
(typearea)             DIV values do not exist. Using DIV calculation for good
(typearea)             line width (unless using `version=3.24` or prior).

DIV calculation for typearea with good linewidth.
LaTeX Font Info:    Trying to load font information for T1+XCharter-TLF on inpu
t line 1799.

(C:\Users\Jenny\AppData\Local\Programs\MiKTeX\tex/latex/xcharter\t1xcharter-tlf
.fd
File: T1XCharter-TLF.fd 2017/06/25 (autoinst) Font definitions for T1/XCharter-
TLF.
)
LaTeX Font Info:    Font shape `T1/XCharter-TLF/m/n' will be
(Font)              scaled to size 12.0pt on input line 1799.
Package typearea Info: These are the values describing the layout:
(typearea)             DIV  = 9
(typearea)             BCOR = 0.0pt
(typearea)             \paperwidth      = 614.295pt
(typearea)              \textwidth      = 409.53003pt
(typearea)              DIV departure   = 0%
(typearea)              \evensidemargin = 30.11249pt
(typearea)              \oddsidemargin  = 30.11249pt
(typearea)             \paperheight     = 794.96999pt
(typearea)              \textheight     = 534.0pt
(typearea)              \topmargin      = -23.815pt
(typearea)              \headheight     = 18.125pt
(typearea)              \headsep        = 21.75pt
(typearea)              \topskip        = 12.0pt
(typearea)              \footskip       = 50.75pt
(typearea)              \baselineskip   = 14.5pt
(typearea)              on input line 1799.
)
(C:\Users\Jenny\AppData\Local\Programs\MiKTeX\tex/latex/fancyhdr\fancyhdr.sty
Package: fancyhdr 2022/11/09 v4.1 Extensive control of page headers and footers

\f@nch@headwidth=\skip92
\f@nch@O@elh=\skip93
\f@nch@O@erh=\skip94
\f@nch@O@olh=\skip95
\f@nch@O@orh=\skip96
\f@nch@O@elf=\skip97
\f@nch@O@erf=\skip98
\f@nch@O@olf=\skip99
\f@nch@O@orf=\skip100
)
(C:\Users\Jenny\AppData\Local\Programs\MiKTeX\tex/latex/pdflscape\pdflscape.sty
Package: pdflscape 2022-10-27 v0.13 Display of landscape pages in PDF

(C:\Users\Jenny\AppData\Local\Programs\MiKTeX\tex/latex/pdflscape\pdflscape-nom
etadata.sty
Package: pdflscape-nometadata 2022-10-28 v0.13 Display of landscape pages in PD
F (HO)

(C:\Users\Jenny\AppData\Local\Programs\MiKTeX\tex/latex/graphics\lscape.sty
Package: lscape 2020/05/28 v3.02 Landscape Pages (DPC)
)
Package pdflscape Info: Auto-detected driver: pdftex on input line 81.
))
(C:\Users\Jenny\AppData\Local\Programs\MiKTeX\tex/latex/tablefootnote\tablefoot
note.sty
Package: tablefootnote 2014/01/26 v1.1c Table foot notes (HMM)

(C:\Users\Jenny\AppData\Local\Programs\MiKTeX\tex/latex/xifthen\xifthen.sty
Package: xifthen 2015/11/05 v1.4.0 Extended ifthen features

(C:\Users\Jenny\AppData\Local\Programs\MiKTeX\tex/latex/tools\calc.sty
Package: calc 2017/05/25 v4.3 Infix arithmetic (KKT,FJ)
\calc@Acount=\count324
\calc@Bcount=\count325
\calc@Adimen=\dimen198
\calc@Bdimen=\dimen199
\calc@Askip=\skip101
\calc@Bskip=\skip102
LaTeX Info: Redefining \setlength on input line 80.
LaTeX Info: Redefining \addtolength on input line 81.
\calc@Ccount=\count326
\calc@Cskip=\skip103
)
(C:\Users\Jenny\AppData\Local\Programs\MiKTeX\tex/latex/ifmtarg\ifmtarg.sty
Package: ifmtarg 2018/04/16 v1.2b check for an empty argument
)))
(C:\Users\Jenny\AppData\Local\Programs\MiKTeX\tex/latex/setspace\setspace.sty
Package: setspace 2022/12/04 v6.7b set line spacing
)
(C:\Users\Jenny\AppData\Local\Programs\MiKTeX\tex/latex/comment\comment.sty
\CommentStream=\write3

Excluding comment 'comment')
(C:\Users\Jenny\AppData\Local\Programs\MiKTeX\tex/latex/vmargin\vmargin.sty
Package: vmargin 2004/07/15 V2.5 set document margins (VK)

Package: vmargin 2004/07/15 V2.5 set document margins (VK)
\PaperWidth=\dimen256
\PaperHeight=\dimen257
) (C:\Users\Jenny\AppData\Local\Programs\MiKTeX\tex/latex/datetime\datetime.sty
Package: datetime 2015/03/20 v2.60 Date Time Package
(C:\Users\Jenny\AppData\Local\Programs\MiKTeX\tex/latex/fmtcount\fmtcount.sty
Package: fmtcount 2020/01/30 v3.07

(C:\Users\Jenny\AppData\Local\Programs\MiKTeX\tex/latex/fmtcount\fcprefix.sty
Package: fcprefix 2012/09/28

(C:\Users\Jenny\AppData\Local\Programs\MiKTeX\tex/latex/fmtcount\fcnumparser.st
y
Package: fcnumparser 2017/06/15
\fc@digit@counter=\count327
))
\c@padzeroesN=\count328
\fc@tmpcatcode=\count329
\@DT@modctr=\count330
\@ordinalctr=\count331
\@orgargctr=\count332
\@strctr=\count333
\@tmpstrctr=\count334
\@DT@loopN=\count335
\@DT@X=\count336
)
(C:\Users\Jenny\AppData\Local\Programs\MiKTeX\tex/latex/datetime\datetime-defau
lts.sty
Package: datetime-defaults 2013/09/10
)
\@day=\count337
\@month=\count338
\@year=\count339
\c@HOUR=\count340
\c@HOURXII=\count341
\c@MINUTE=\count342
\c@TOHOUR=\count343
\c@TOMINUTE=\count344
\c@SECOND=\count345
\currenthour=\count346
\currentminute=\count347
\currentsecond=\count348
Package datetime Info: No datetime.cfg file found, using default settings on in
put line 308.
\@dtctr=\count349
\dayofyear=\count350
\dayofweek=\count351
LaTeX Info: Redefining \today on input line 736.

(C:\Users\Jenny\AppData\Local\Programs\MiKTeX\tex/latex/datetime\dt-spanish.def
File: dt-spanish.def 2013/09/10
LaTeX Info: Redefining \datespanish on input line 85.
)
\dt@a=\toks36
\dt@b=\toks37
)
\@indexfile=\write4
\openout4 = `informe-practicas.idx'.


Writing index file informe-practicas.idx
LaTeX Info: Redefining \oldstylenums on input line 132.

(C:\Users\Jenny\AppData\Local\Programs\MiKTeX\tex/latex/l3backend\l3backend-pdf
tex.def
File: l3backend-pdftex.def 2023-03-30 L3 backend support: PDF output (pdfTeX)
\l__color_backend_stack_int=\count352
\l__pdf_internal_box=\box72
) (informe-practicas.aux (portada.aux)
LaTeX Info: Redefining \. on input line 24.
LaTeX Info: Redefining \% on input line 24.
 (dec_autoria.aux)
(opinion_tutor.aux) (dedicatoria.aux) (agradecimientos.aux) (resumen.aux)
(abstrac.aux) (introduccion.aux) (cap1.aux) (cap2.aux) (cap3.aux) (conc.aux)
(rec.aux) (anexo.aux))
\openout1 = `informe-practicas.aux'.

LaTeX Font Info:    Checking defaults for OML/cmm/m/it on input line 132.
LaTeX Font Info:    ... okay on input line 132.
LaTeX Font Info:    Checking defaults for OMS/cmsy/m/n on input line 132.
LaTeX Font Info:    ... okay on input line 132.
LaTeX Font Info:    Checking defaults for OT1/cmr/m/n on input line 132.
LaTeX Font Info:    ... okay on input line 132.
LaTeX Font Info:    Checking defaults for T1/cmr/m/n on input line 132.
LaTeX Font Info:    ... okay on input line 132.
LaTeX Font Info:    Checking defaults for TS1/cmr/m/n on input line 132.
LaTeX Font Info:    ... okay on input line 132.
LaTeX Font Info:    Checking defaults for OMX/cmex/m/n on input line 132.
LaTeX Font Info:    ... okay on input line 132.
LaTeX Font Info:    Checking defaults for U/cmr/m/n on input line 132.
LaTeX Font Info:    ... okay on input line 132.
LaTeX Font Info:    Checking defaults for PD1/pdf/m/n on input line 132.
LaTeX Font Info:    ... okay on input line 132.
LaTeX Font Info:    Checking defaults for PU/pdf/m/n on input line 132.
LaTeX Font Info:    ... okay on input line 132.
LaTeX Info: Redefining \. on input line 132.
LaTeX Info: Redefining \% on input line 132.

(C:\Users\Jenny\AppData\Local\Programs\MiKTeX\tex/context/base/mkii\supp-pdf.mk
ii
[Loading MPS to PDF converter (version 2006.09.02).]
\scratchcounter=\count353
\scratchdimen=\dimen258
\scratchbox=\box73
\nofMPsegments=\count354
\nofMParguments=\count355
\everyMPshowfont=\toks38
\MPscratchCnt=\count356
\MPscratchDim=\dimen259
\MPnumerator=\count357
\makeMPintoPDFobject=\count358
\everyMPtoPDFconversion=\toks39
)
(C:\Users\Jenny\AppData\Local\Programs\MiKTeX\tex/latex/epstopdf-pkg\epstopdf-b
ase.sty
Package: epstopdf-base 2020-01-24 v2.11 Base part for package epstopdf
Package epstopdf-base Info: Redefining graphics rule for `.eps' on input line 4
85.

(C:\Users\Jenny\AppData\Local\Programs\MiKTeX\tex/latex/00miktex\epstopdf-sys.c
fg
File: epstopdf-sys.cfg 2021/03/18 v2.0 Configuration of epstopdf for MiKTeX
))
\c@mv@tabular=\count359
\c@mv@boldtabular=\count360

*geometry* driver: auto-detecting
*geometry* detected driver: pdftex
*geometry* verbose mode - [ preamble ] result:
* driver: pdftex
* paper: letterpaper
* layout: <same size as paper>
* layoutoffset:(h,v)=(0.0pt,0.0pt)
* modes: 
* h-part:(L,W,R)=(85.35826pt, 443.57848pt, 85.35826pt)
* v-part:(T,H,B)=(56.9055pt, 681.15898pt, 56.9055pt)
* \paperwidth=598.14806pt
* \paperheight=845.90042pt
* \textwidth=469.47046pt
* \textheight=666.36348pt
* \oddsidemargin=71.13188pt
* \evensidemargin=57.54572pt
* \topmargin=42.67912pt
* \headheight=10.0pt
* \headsep=28.45274pt
* \topskip=12.0pt
* \footskip=56.9055pt
* \marginparwidth=68.25499pt
* \marginparsep=12.8401pt
* \columnsep=10.0pt
* \skip\footins=10.8pt plus 4.0pt minus 2.0pt
* \hoffset=-72.26999pt
* \voffset=-72.26999pt
* \mag=1000
* \@twocolumnfalse
* \@twosidefalse
* \@mparswitchfalse
* \@reversemarginfalse
* (1in=72.27pt=25.4mm, 1cm=28.453pt)

Package caption Info: Begin \AtBeginDocument code.
Package caption Info: hyperref package is loaded.
Package caption Info: longtable package is loaded.
(C:\Users\Jenny\AppData\Local\Programs\MiKTeX\tex/latex/caption\ltcaption.sty
Package: ltcaption 2021/01/08 v1.4c longtable captions (AR)
)
Package caption Info: rotating package is loaded.
Package caption Info: End \AtBeginDocument code.
Package hyperref Info: Link coloring ON on input line 132.

(informe-practicas.out) (informe-practicas.out)
\@outlinefile=\write5
\openout5 = `informe-practicas.out'.

\openout2 = `portada.aux'.

 (portada.tex
<figuras/membrete-cujae-centrado.png, id=235, 202.356pt x 125.0271pt>
File: figuras/membrete-cujae-centrado.png Graphic file (type png)
<use figuras/membrete-cujae-centrado.png>
Package pdftex.def Info: figuras/membrete-cujae-centrado.png  used on input lin
e 3.
(pdftex.def)             Requested size: 234.73523pt x 145.04105pt.
LaTeX Font Info:    Font shape `T1/XCharter-TLF/m/n' will be
(Font)              scaled to size 20.74pt on input line 12.
LaTeX Font Info:    Font shape `T1/XCharter-TLF/b/n' will be
(Font)              scaled to size 20.74pt on input line 12.
LaTeX Font Info:    Font shape `T1/XCharter-TLF/m/it' will be
(Font)              scaled to size 20.74pt on input line 16.
LaTeX Font Info:    Font shape `T1/XCharter-TLF/m/it' will be
(Font)              scaled to size 14.4pt on input line 16.
LaTeX Font Info:    Font shape `T1/XCharter-TLF/m/n' will be
(Font)              scaled to size 14.4pt on input line 20.
LaTeX Font Info:    Font shape `T1/XCharter-TLF/b/n' will be
(Font)              scaled to size 14.4pt on input line 21.
) [1


{C:/Users/Jenny/AppData/Local/MiKTeX/fonts/map/pdftex/pdftex.map}{C:/Users/Jenn
y/AppData/Local/Programs/MiKTeX/fonts/enc/dvips/xcharter/xch_rydp4l.enc} <./fig
uras/membrete-cujae-centrado.png>]
\openout2 = `dec_autoria.aux'.

 (dec_autoria.tex
LaTeX Font Info:    Font shape `T1/XCharter-TLF/m/n' will be
(Font)              scaled to size 17.28pt on input line 1.
LaTeX Font Info:    Font shape `T1/XCharter-TLF/b/n' will be
(Font)              scaled to size 17.28pt on input line 1.
) [2



]
\openout2 = `opinion_tutor.aux'.

 (opinion_tutor.tex) [3



]
\openout2 = `dedicatoria.aux'.


(dedicatoria.tex) [4



]
\openout2 = `agradecimientos.aux'.

 (agradecimientos.tex) [5



]
\openout2 = `resumen.aux'.

 (resumen.tex
LaTeX Font Info:    Font shape `T1/XCharter-TLF/b/n' will be
(Font)              scaled to size 12.0pt on input line 7.
) [6



]
\openout2 = `abstrac.aux'.

 (abstrac.tex) [7



]
LaTeX Font Info:    Font shape `T1/XCharter-TLF/m/n' will be
(Font)              scaled to size 24.88pt on input line 160.
LaTeX Font Info:    Font shape `T1/XCharter-TLF/b/n' will be
(Font)              scaled to size 24.88pt on input line 160.
 (informe-practicas.toc
LaTeX Info: Redefining \. on input line 1.
LaTeX Info: Redefining \% on input line 1.
LaTeX Font Info:    Trying to load font information for U+msa on input line 4.

(C:\Users\Jenny\AppData\Local\Programs\MiKTeX\tex/latex/amsfonts\umsa.fd
File: umsa.fd 2013/01/14 v3.01 AMS symbols A
)
LaTeX Font Info:    Trying to load font information for U+msb on input line 4.

(C:\Users\Jenny\AppData\Local\Programs\MiKTeX\tex/latex/amsfonts\umsb.fd
File: umsb.fd 2013/01/14 v3.01 AMS symbols B
)
LaTeX Font Info:    Font shape `T1/XCharter-TLF/m/it' will be
(Font)              scaled to size 12.0pt on input line 7.
LaTeX Font Info:    Font shape `T1/XCharter-TLF/m/sc' will be
(Font)              scaled to size 12.0pt on input line 29.

[8



{C:/Users/Jenny/AppData/Local/Programs/MiKTeX/fonts/enc/dvips/xcharter/xch_yelf
2i.enc}])
\tf@toc=\write6
\openout6 = `informe-practicas.toc'.

 [9] (informe-practicas.lot
LaTeX Info: Redefining \. on input line 1.
LaTeX Info: Redefining \% on input line 1.
)
\tf@lot=\write7
\openout7 = `informe-practicas.lot'.

 [10

] (informe-practicas.lof
LaTeX Info: Redefining \. on input line 1.
LaTeX Info: Redefining \% on input line 1.
 [11

])
\tf@lof=\write8
\openout8 = `informe-practicas.lof'.


[12]
\openout2 = `introduccion.aux'.

 (introduccion.tex [1



]

Package fancyhdr Warning: \headheight is too small (10.0pt): 
(fancyhdr)                Make it at least 14.49998pt, for example:
(fancyhdr)                \setlength{\headheight}{14.49998pt}.
(fancyhdr)                You might also make \topmargin smaller to compensate:

(fancyhdr)                \addtolength{\topmargin}{-4.49998pt}.

[2]

Package fancyhdr Warning: \headheight is too small (10.0pt): 
(fancyhdr)                Make it at least 14.49998pt, for example:
(fancyhdr)                \setlength{\headheight}{14.49998pt}.
(fancyhdr)                You might also make \topmargin smaller to compensate:

(fancyhdr)                \addtolength{\topmargin}{-4.49998pt}.

[3])

Package fancyhdr Warning: \headheight is too small (10.0pt): 
(fancyhdr)                Make it at least 14.49998pt, for example:
(fancyhdr)                \setlength{\headheight}{14.49998pt}.
(fancyhdr)                You might also make \topmargin smaller to compensate:

(fancyhdr)                \addtolength{\topmargin}{-4.49998pt}.

[4]
\openout2 = `cap1.aux'.

 (cap1.tex
Cap\'{\i }tulo 1.
[5




]
LaTeX Info: Redefining \. on input line 23.
LaTeX Info: Redefining \% on input line 23.


Package fancyhdr Warning: \headheight is too small (10.0pt): 
(fancyhdr)                Make it at least 14.49998pt, for example:
(fancyhdr)                \setlength{\headheight}{14.49998pt}.
(fancyhdr)                You might also make \topmargin smaller to compensate:

(fancyhdr)                \addtolength{\topmargin}{-4.49998pt}.

[6]
LaTeX Info: Redefining \. on input line 36.
LaTeX Info: Redefining \% on input line 36.


Package fancyhdr Warning: \headheight is too small (10.0pt): 
(fancyhdr)                Make it at least 14.49998pt, for example:
(fancyhdr)                \setlength{\headheight}{14.49998pt}.
(fancyhdr)                You might also make \topmargin smaller to compensate:

(fancyhdr)                \addtolength{\topmargin}{-4.49998pt}.

[7]
LaTeX Info: Redefining \. on input line 43.
LaTeX Info: Redefining \% on input line 43.


Package fancyhdr Warning: \headheight is too small (10.0pt): 
(fancyhdr)                Make it at least 14.49998pt, for example:
(fancyhdr)                \setlength{\headheight}{14.49998pt}.
(fancyhdr)                You might also make \topmargin smaller to compensate:

(fancyhdr)                \addtolength{\topmargin}{-4.49998pt}.

[8] Excluding 'comment' comment.
LaTeX Font Info:    Font shape `T1/XCharter-TLF/b/it' will be
(Font)              scaled to size 17.28pt on input line 50.
LaTeX Info: Redefining \. on input line 59.
LaTeX Info: Redefining \% on input line 59.


Package fancyhdr Warning: \headheight is too small (10.0pt): 
(fancyhdr)                Make it at least 14.49998pt, for example:
(fancyhdr)                \setlength{\headheight}{14.49998pt}.
(fancyhdr)                You might also make \topmargin smaller to compensate:

(fancyhdr)                \addtolength{\topmargin}{-4.49998pt}.

[9]
LaTeX Info: Redefining \. on input line 74.
LaTeX Info: Redefining \% on input line 74.


Package fancyhdr Warning: \headheight is too small (10.0pt): 
(fancyhdr)                Make it at least 14.49998pt, for example:
(fancyhdr)                \setlength{\headheight}{14.49998pt}.
(fancyhdr)                You might also make \topmargin smaller to compensate:

(fancyhdr)                \addtolength{\topmargin}{-4.49998pt}.

[10]
LaTeX Info: Redefining \. on input line 92.
LaTeX Info: Redefining \% on input line 92.


Package fancyhdr Warning: \headheight is too small (10.0pt): 
(fancyhdr)                Make it at least 14.49998pt, for example:
(fancyhdr)                \setlength{\headheight}{14.49998pt}.
(fancyhdr)                You might also make \topmargin smaller to compensate:

(fancyhdr)                \addtolength{\topmargin}{-4.49998pt}.

[11]
LaTeX Info: Redefining \. on input line 109.
LaTeX Info: Redefining \% on input line 109.


Package fancyhdr Warning: \headheight is too small (10.0pt): 
(fancyhdr)                Make it at least 14.49998pt, for example:
(fancyhdr)                \setlength{\headheight}{14.49998pt}.
(fancyhdr)                You might also make \topmargin smaller to compensate:

(fancyhdr)                \addtolength{\topmargin}{-4.49998pt}.

[12]
LaTeX Info: Redefining \. on input line 121.
LaTeX Info: Redefining \% on input line 121.


Package fancyhdr Warning: \headheight is too small (10.0pt): 
(fancyhdr)                Make it at least 14.49998pt, for example:
(fancyhdr)                \setlength{\headheight}{14.49998pt}.
(fancyhdr)                You might also make \topmargin smaller to compensate:

(fancyhdr)                \addtolength{\topmargin}{-4.49998pt}.

[13]
LaTeX Info: Redefining \. on input line 131.
LaTeX Info: Redefining \% on input line 131.


Package fancyhdr Warning: \headheight is too small (10.0pt): 
(fancyhdr)                Make it at least 14.49998pt, for example:
(fancyhdr)                \setlength{\headheight}{14.49998pt}.
(fancyhdr)                You might also make \topmargin smaller to compensate:

(fancyhdr)                \addtolength{\topmargin}{-4.49998pt}.

[14]
<figuras/capi 1/one-hot-ejemplo.png, id=725, 939.51pt x 218.61674pt>
File: figuras/capi 1/one-hot-ejemplo.png Graphic file (type png)
<use figuras/capi 1/one-hot-ejemplo.png>
Package pdftex.def Info: figuras/capi 1/one-hot-ejemplo.png  used on input line
 143.
(pdftex.def)             Requested size: 375.57779pt x 87.39177pt.

Underfull \hbox (badness 10000) in paragraph at lines 137--146

 []

LaTeX Info: Redefining \. on input line 146.
LaTeX Info: Redefining \% on input line 146.

Package fancyhdr Warning: \headheight is too small (10.0pt): 
(fancyhdr)                Make it at least 14.49998pt, for example:
(fancyhdr)                \setlength{\headheight}{14.49998pt}.
(fancyhdr)                You might also make \topmargin smaller to compensate:

(fancyhdr)                \addtolength{\topmargin}{-4.49998pt}.

[15]
LaTeX Info: Redefining \. on input line 149.
LaTeX Info: Redefining \% on input line 149.


Package fancyhdr Warning: \headheight is too small (10.0pt): 
(fancyhdr)                Make it at least 14.49998pt, for example:
(fancyhdr)                \setlength{\headheight}{14.49998pt}.
(fancyhdr)                You might also make \topmargin smaller to compensate:

(fancyhdr)                \addtolength{\topmargin}{-4.49998pt}.

[16 <./figuras/capi 1/one-hot-ejemplo.png>]
<figuras/capi 1/Desglose de los subproblemas de AutoML.jpg, id=767, 1601.985pt 
x 999.735pt>
File: figuras/capi 1/Desglose de los subproblemas de AutoML.jpg Graphic file (t
ype jpg)
<use figuras/capi 1/Desglose de los subproblemas de AutoML.jpg>
Package pdftex.def Info: figuras/capi 1/Desglose de los subproblemas de AutoML.
jpg  used on input line 161.
(pdftex.def)             Requested size: 187.78531pt x 117.18666pt.
LaTeX Info: Redefining \. on input line 169.
LaTeX Info: Redefining \% on input line 169.


Package fancyhdr Warning: \headheight is too small (10.0pt): 
(fancyhdr)                Make it at least 14.49998pt, for example:
(fancyhdr)                \setlength{\headheight}{14.49998pt}.
(fancyhdr)                You might also make \topmargin smaller to compensate:

(fancyhdr)                \addtolength{\topmargin}{-4.49998pt}.

[17 <./figuras/capi 1/Desglose de los subproblemas de AutoML.jpg>]
LaTeX Info: Redefining \. on input line 181.
LaTeX Info: Redefining \% on input line 181.


Package fancyhdr Warning: \headheight is too small (10.0pt): 
(fancyhdr)                Make it at least 14.49998pt, for example:
(fancyhdr)                \setlength{\headheight}{14.49998pt}.
(fancyhdr)                You might also make \topmargin smaller to compensate:

(fancyhdr)                \addtolength{\topmargin}{-4.49998pt}.

[18]
LaTeX Info: Redefining \. on input line 193.
LaTeX Info: Redefining \% on input line 193.


Package fancyhdr Warning: \headheight is too small (10.0pt): 
(fancyhdr)                Make it at least 14.49998pt, for example:
(fancyhdr)                \setlength{\headheight}{14.49998pt}.
(fancyhdr)                You might also make \topmargin smaller to compensate:

(fancyhdr)                \addtolength{\topmargin}{-4.49998pt}.

[19] Excluding 'comment' comment.
<figuras/capi 1/ejemplo_workflow.jpg, id=825, 374.90062pt x 103.88812pt>
File: figuras/capi 1/ejemplo_workflow.jpg Graphic file (type jpg)
<use figuras/capi 1/ejemplo_workflow.jpg>
Package pdftex.def Info: figuras/capi 1/ejemplo_workflow.jpg  used on input lin
e 252.
(pdftex.def)             Requested size: 422.52054pt x 117.09102pt.
LaTeX Info: Redefining \. on input line 259.
LaTeX Info: Redefining \% on input line 259.


Package fancyhdr Warning: \headheight is too small (10.0pt): 
(fancyhdr)                Make it at least 14.49998pt, for example:
(fancyhdr)                \setlength{\headheight}{14.49998pt}.
(fancyhdr)                You might also make \topmargin smaller to compensate:

(fancyhdr)                \addtolength{\topmargin}{-4.49998pt}.

[20 <./figuras/capi 1/ejemplo_workflow.jpg>]
LaTeX Info: Redefining \. on input line 275.
LaTeX Info: Redefining \% on input line 275.


Package fancyhdr Warning: \headheight is too small (10.0pt): 
(fancyhdr)                Make it at least 14.49998pt, for example:
(fancyhdr)                \setlength{\headheight}{14.49998pt}.
(fancyhdr)                You might also make \topmargin smaller to compensate:

(fancyhdr)                \addtolength{\topmargin}{-4.49998pt}.

[21]
LaTeX Info: Redefining \. on input line 281.
LaTeX Info: Redefining \% on input line 281.


Package fancyhdr Warning: \headheight is too small (10.0pt): 
(fancyhdr)                Make it at least 14.49998pt, for example:
(fancyhdr)                \setlength{\headheight}{14.49998pt}.
(fancyhdr)                You might also make \topmargin smaller to compensate:

(fancyhdr)                \addtolength{\topmargin}{-4.49998pt}.

[22]
LaTeX Info: Redefining \. on input line 292.
LaTeX Info: Redefining \% on input line 292.


Package fancyhdr Warning: \headheight is too small (10.0pt): 
(fancyhdr)                Make it at least 14.49998pt, for example:
(fancyhdr)                \setlength{\headheight}{14.49998pt}.
(fancyhdr)                You might also make \topmargin smaller to compensate:

(fancyhdr)                \addtolength{\topmargin}{-4.49998pt}.

[23]
LaTeX Info: Redefining \. on input line 300.
LaTeX Info: Redefining \% on input line 300.


Package fancyhdr Warning: \headheight is too small (10.0pt): 
(fancyhdr)                Make it at least 14.49998pt, for example:
(fancyhdr)                \setlength{\headheight}{14.49998pt}.
(fancyhdr)                You might also make \topmargin smaller to compensate:

(fancyhdr)                \addtolength{\topmargin}{-4.49998pt}.

[24]
Overfull \hbox (2.19942pt too wide) in paragraph at lines 305--305
[]\T1/XCharter-TLF/b/n/14.4 Análisis com-pa-ra-ti-vo de im-ple-men-ta-cio-nes p
a-ra Au-toML en KNI-
 []

LaTeX Info: Redefining \. on input line 327.
LaTeX Info: Redefining \% on input line 327.

Package fancyhdr Warning: \headheight is too small (10.0pt): 
(fancyhdr)                Make it at least 14.49998pt, for example:
(fancyhdr)                \setlength{\headheight}{14.49998pt}.
(fancyhdr)                You might also make \topmargin smaller to compensate:

(fancyhdr)                \addtolength{\topmargin}{-4.49998pt}.

[25] Excluding 'comment' comment.
LaTeX Info: Redefining \. on input line 345.
LaTeX Info: Redefining \% on input line 345.


Package fancyhdr Warning: \headheight is too small (10.0pt): 
(fancyhdr)                Make it at least 14.49998pt, for example:
(fancyhdr)                \setlength{\headheight}{14.49998pt}.
(fancyhdr)                You might also make \topmargin smaller to compensate:

(fancyhdr)                \addtolength{\topmargin}{-4.49998pt}.

[26]
LaTeX Font Info:    Font shape `T1/XCharter-TLF/m/n' will be
(Font)              scaled to size 8.0pt on input line 347.
LaTeX Font Info:    Font shape `T1/XCharter-TLF/m/n' will be
(Font)              scaled to size 10.0pt on input line 347.
LaTeX Font Info:    Font shape `T1/XCharter-TLF/m/n' will be
(Font)              scaled to size 7.0pt on input line 347.
LaTeX Info: Redefining \. on input line 370.
LaTeX Info: Redefining \% on input line 370.


Package fancyhdr Warning: \headheight is too small (10.0pt): 
(fancyhdr)                Make it at least 14.49998pt, for example:
(fancyhdr)                \setlength{\headheight}{14.49998pt}.
(fancyhdr)                You might also make \topmargin smaller to compensate:

(fancyhdr)                \addtolength{\topmargin}{-4.49998pt}.

[27]
LaTeX Info: Redefining \. on input line 382.
LaTeX Info: Redefining \% on input line 382.


Package fancyhdr Warning: \headheight is too small (10.0pt): 
(fancyhdr)                Make it at least 14.49998pt, for example:
(fancyhdr)                \setlength{\headheight}{14.49998pt}.
(fancyhdr)                You might also make \topmargin smaller to compensate:

(fancyhdr)                \addtolength{\topmargin}{-4.49998pt}.

[28]
LaTeX Info: Redefining \. on input line 399.
LaTeX Info: Redefining \% on input line 399.


Package fancyhdr Warning: \headheight is too small (10.0pt): 
(fancyhdr)                Make it at least 14.49998pt, for example:
(fancyhdr)                \setlength{\headheight}{14.49998pt}.
(fancyhdr)                You might also make \topmargin smaller to compensate:

(fancyhdr)                \addtolength{\topmargin}{-4.49998pt}.

[29])
LaTeX Info: Redefining \. on input line 187.
LaTeX Info: Redefining \% on input line 187.


Package fancyhdr Warning: \headheight is too small (10.0pt): 
(fancyhdr)                Make it at least 14.49998pt, for example:
(fancyhdr)                \setlength{\headheight}{14.49998pt}.
(fancyhdr)                You might also make \topmargin smaller to compensate:

(fancyhdr)                \addtolength{\topmargin}{-4.49998pt}.

[30]
\openout2 = `cap2.aux'.

 (cap2.tex
Cap\'{\i }tulo 2.

LaTeX Warning: Reference `epig:componente-ernesto' on page 31 undefined on inpu
t line 5.

[31




]

LaTeX Warning: Reference `anex:flujo-disc-comp-id3' on page 32 undefined on inp
ut line 10.

<figuras/capi 2/preprocesado/discretizacion.drawio.png, id=906, 6474.1875pt x 1
879.02pt>
File: figuras/capi 2/preprocesado/discretizacion.drawio.png Graphic file (type 
png)
<use figuras/capi 2/preprocesado/discretizacion.drawio.png>
Package pdftex.def Info: figuras/capi 2/preprocesado/discretizacion.drawio.png 
 used on input line 14.
(pdftex.def)             Requested size: 469.47046pt x 136.24696pt.
<figuras/capi 2/auto-binner-nodo.png, id=909, 152.82094pt x 144.54pt>
File: figuras/capi 2/auto-binner-nodo.png Graphic file (type png)
<use figuras/capi 2/auto-binner-nodo.png>
Package pdftex.def Info: figuras/capi 2/auto-binner-nodo.png  used on input lin
e 25.
(pdftex.def)             Requested size: 58.6838pt x 55.5036pt.
LaTeX Font Info:    Font shape `T1/XCharter-TLF/m/n' will be
(Font)              scaled to size 10.95pt on input line 26.
LaTeX Font Info:    Font shape `T1/XCharter-TLF/m/it' will be
(Font)              scaled to size 10.95pt on input line 26.
<figuras/capi 2/caim-binner-nodo.png, id=910, 91.84312pt x 78.2925pt>
File: figuras/capi 2/caim-binner-nodo.png Graphic file (type png)
<use figuras/capi 2/caim-binner-nodo.png>
Package pdftex.def Info: figuras/capi 2/caim-binner-nodo.png  used on input lin
e 32.
(pdftex.def)             Requested size: 58.6838pt x 50.02698pt.

LaTeX Warning: `h' float specifier changed to `ht'.

LaTeX Font Info:    Font shape `T1/XCharter-TLF/b/it' will be
(Font)              scaled to size 14.4pt on input line 42.
LaTeX Info: Redefining \. on input line 45.
LaTeX Info: Redefining \% on input line 45.

Package fancyhdr Warning: \headheight is too small (10.0pt): 
(fancyhdr)                Make it at least 14.49998pt, for example:
(fancyhdr)                \setlength{\headheight}{14.49998pt}.
(fancyhdr)                You might also make \topmargin smaller to compensate:

(fancyhdr)                \addtolength{\topmargin}{-4.49998pt}.

[32 <./figuras/capi 2/preprocesado/discretizacion.drawio.png>]
<figuras/capi 2/preprocesado/string preprocs.drawio.png, id=917, 9705.25874pt x
 614.295pt>
File: figuras/capi 2/preprocesado/string preprocs.drawio.png Graphic file (type
 png)
<use figuras/capi 2/preprocesado/string preprocs.drawio.png>
Package pdftex.def Info: figuras/capi 2/preprocesado/string preprocs.drawio.png
  used on input line 48.
(pdftex.def)             Requested size: 445.9955pt x 28.22322pt.
LaTeX Info: Redefining \. on input line 63.
LaTeX Info: Redefining \% on input line 63.


Package fancyhdr Warning: \headheight is too small (10.0pt): 
(fancyhdr)                Make it at least 14.49998pt, for example:
(fancyhdr)                \setlength{\headheight}{14.49998pt}.
(fancyhdr)                You might also make \topmargin smaller to compensate:

(fancyhdr)                \addtolength{\topmargin}{-4.49998pt}.

[33 <./figuras/capi 2/auto-binner-nodo.png> <./figuras/capi 2/caim-binner-nodo.
png> <./figuras/capi 2/preprocesado/string preprocs.drawio.png>]
<figuras/capi 2/preprocesado/valores faltantes.drawio.png, id=926, 1758.57pt x 
352.31625pt>
File: figuras/capi 2/preprocesado/valores faltantes.drawio.png Graphic file (ty
pe png)
<use figuras/capi 2/preprocesado/valores faltantes.drawio.png>
Package pdftex.def Info: figuras/capi 2/preprocesado/valores faltantes.drawio.p
ng  used on input line 66.
(pdftex.def)             Requested size: 469.47046pt x 94.05147pt.
<figuras/capi 2/preprocesado/mv imputation.drawio.png, id=929, 5974.32pt x 1219
.55624pt>
File: figuras/capi 2/preprocesado/mv imputation.drawio.png Graphic file (type p
ng)
<use figuras/capi 2/preprocesado/mv imputation.drawio.png>
Package pdftex.def Info: figuras/capi 2/preprocesado/mv imputation.drawio.png  
used on input line 75.
(pdftex.def)             Requested size: 469.47046pt x 95.81725pt.

Underfull \hbox (badness 10000) in paragraph at lines 83--87

 []

LaTeX Info: Redefining \. on input line 87.
LaTeX Info: Redefining \% on input line 87.

Package fancyhdr Warning: \headheight is too small (10.0pt): 
(fancyhdr)                Make it at least 14.49998pt, for example:
(fancyhdr)                \setlength{\headheight}{14.49998pt}.
(fancyhdr)                You might also make \topmargin smaller to compensate:

(fancyhdr)                \addtolength{\topmargin}{-4.49998pt}.

[34 <./figuras/capi 2/preprocesado/valores faltantes.drawio.png> <./figuras/cap
i 2/preprocesado/mv imputation.drawio.png>]
<figuras/capi 2/preprocesado/number preprocs.drawio.png, id=937, 5968.2975pt x 
1243.64626pt>
File: figuras/capi 2/preprocesado/number preprocs.drawio.png Graphic file (type
 png)
<use figuras/capi 2/preprocesado/number preprocs.drawio.png>
Package pdftex.def Info: figuras/capi 2/preprocesado/number preprocs.drawio.png
  used on input line 90.
(pdftex.def)             Requested size: 469.47046pt x 97.82379pt.
<figuras/capi 2/preprocesado/normalizacion.drawio.png, id=939, 6498.2775pt x 14
84.54625pt>
File: figuras/capi 2/preprocesado/normalizacion.drawio.png Graphic file (type p
ng)
<use figuras/capi 2/preprocesado/normalizacion.drawio.png>
Package pdftex.def Info: figuras/capi 2/preprocesado/normalizacion.drawio.png  
used on input line 105.
(pdftex.def)             Requested size: 469.47046pt x 107.23608pt.
LaTeX Info: Redefining \. on input line 109.
LaTeX Info: Redefining \% on input line 109.


Package fancyhdr Warning: \headheight is too small (10.0pt): 
(fancyhdr)                Make it at least 14.49998pt, for example:
(fancyhdr)                \setlength{\headheight}{14.49998pt}.
(fancyhdr)                You might also make \topmargin smaller to compensate:

(fancyhdr)                \addtolength{\topmargin}{-4.49998pt}.

[35 <./figuras/capi 2/preprocesado/number preprocs.drawio.png>]
LaTeX Info: Redefining \. on input line 122.
LaTeX Info: Redefining \% on input line 122.


Package fancyhdr Warning: \headheight is too small (10.0pt): 
(fancyhdr)                Make it at least 14.49998pt, for example:
(fancyhdr)                \setlength{\headheight}{14.49998pt}.
(fancyhdr)                You might also make \topmargin smaller to compensate:

(fancyhdr)                \addtolength{\topmargin}{-4.49998pt}.

[36 <./figuras/capi 2/preprocesado/normalizacion.drawio.png>]
Overfull \hbox (10.56157pt too wide) in paragraph at lines 126--127
[]\T1/XCharter-TLF/m/it/12 Número má-xi-mo de ite-ra-cio-nes: \T1/XCharter-TLF/
m/n/12 Ge-ne-ral-men-te lla-ma-do "nú-me-ro de épo-cas"(number
 []

LaTeX Info: Redefining \. on input line 139.
LaTeX Info: Redefining \% on input line 139.

Package fancyhdr Warning: \headheight is too small (10.0pt): 
(fancyhdr)                Make it at least 14.49998pt, for example:
(fancyhdr)                \setlength{\headheight}{14.49998pt}.
(fancyhdr)                You might also make \topmargin smaller to compensate:

(fancyhdr)                \addtolength{\topmargin}{-4.49998pt}.

[37]
<figuras/capi 2/hpo/automl-componente-hpo.jpg, id=966, 179.16937pt x 82.05656pt
>
File: figuras/capi 2/hpo/automl-componente-hpo.jpg Graphic file (type jpg)
<use figuras/capi 2/hpo/automl-componente-hpo.jpg>
Package pdftex.def Info: figuras/capi 2/hpo/automl-componente-hpo.jpg  used on 
input line 152.
(pdftex.def)             Requested size: 164.31752pt x 75.2588pt.
LaTeX Info: Redefining \. on input line 161.
LaTeX Info: Redefining \% on input line 161.


Package fancyhdr Warning: \headheight is too small (10.0pt): 
(fancyhdr)                Make it at least 14.49998pt, for example:
(fancyhdr)                \setlength{\headheight}{14.49998pt}.
(fancyhdr)                You might also make \topmargin smaller to compensate:

(fancyhdr)                \addtolength{\topmargin}{-4.49998pt}.

[38 <./figuras/capi 2/hpo/automl-componente-hpo.jpg>]
Excluding 'comment' comment.
LaTeX Info: Redefining \. on input line 211.
LaTeX Info: Redefining \% on input line 211.


Package fancyhdr Warning: \headheight is too small (10.0pt): 
(fancyhdr)                Make it at least 14.49998pt, for example:
(fancyhdr)                \setlength{\headheight}{14.49998pt}.
(fancyhdr)                You might also make \topmargin smaller to compensate:

(fancyhdr)                \addtolength{\topmargin}{-4.49998pt}.

[39]
<figuras/capi 2/hpo/diagrama-flujo-gral-comp-hpo.jpg, id=986, 4068.19875pt x 20
14.52625pt>
File: figuras/capi 2/hpo/diagrama-flujo-gral-comp-hpo.jpg Graphic file (type jp
g)
<use figuras/capi 2/hpo/diagrama-flujo-gral-comp-hpo.jpg>
Package pdftex.def Info: figuras/capi 2/hpo/diagrama-flujo-gral-comp-hpo.jpg  u
sed on input line 229.
(pdftex.def)             Requested size: 469.47046pt x 232.4495pt.
LaTeX Info: Redefining \. on input line 235.
LaTeX Info: Redefining \% on input line 235.


Package fancyhdr Warning: \headheight is too small (10.0pt): 
(fancyhdr)                Make it at least 14.49998pt, for example:
(fancyhdr)                \setlength{\headheight}{14.49998pt}.
(fancyhdr)                You might also make \topmargin smaller to compensate:

(fancyhdr)                \addtolength{\topmargin}{-4.49998pt}.

[40 <./figuras/capi 2/hpo/diagrama-flujo-gral-comp-hpo.jpg>]
<figuras/capi 2/hpo/diagrama-act-selecc-param-hpo.jpg, id=992, 3146.75626pt x 5
93.21625pt>
File: figuras/capi 2/hpo/diagrama-act-selecc-param-hpo.jpg Graphic file (type j
pg)
<use figuras/capi 2/hpo/diagrama-act-selecc-param-hpo.jpg>
Package pdftex.def Info: figuras/capi 2/hpo/diagrama-act-selecc-param-hpo.jpg  
used on input line 241.
(pdftex.def)             Requested size: 328.62788pt x 61.9501pt.
LaTeX Font Info:    Trying to load font information for T1+cmtt on input line 2
50.

(C:\Users\Jenny\AppData\Local\Programs\MiKTeX\tex/latex/base\t1cmtt.fd
File: t1cmtt.fd 2022/07/10 v2.5l Standard LaTeX font definitions
)
LaTeX Info: Redefining \. on input line 254.
LaTeX Info: Redefining \% on input line 254.


Package fancyhdr Warning: \headheight is too small (10.0pt): 
(fancyhdr)                Make it at least 14.49998pt, for example:
(fancyhdr)                \setlength{\headheight}{14.49998pt}.
(fancyhdr)                You might also make \topmargin smaller to compensate:

(fancyhdr)                \addtolength{\topmargin}{-4.49998pt}.

[41 <./figuras/capi 2/hpo/diagrama-act-selecc-param-hpo.jpg>]
<figuras/capi 2/hpo/Optimizacion a resumen 2.14.jpg, id=1000, 5305.8225pt x 987
.69pt>
File: figuras/capi 2/hpo/Optimizacion a resumen 2.14.jpg Graphic file (type jpg
)
<use figuras/capi 2/hpo/Optimizacion a resumen 2.14.jpg>
Package pdftex.def Info: figuras/capi 2/hpo/Optimizacion a resumen 2.14.jpg  us
ed on input line 261.
(pdftex.def)             Requested size: 469.47046pt x 87.38116pt.
LaTeX Info: Redefining \. on input line 272.
LaTeX Info: Redefining \% on input line 272.


Package fancyhdr Warning: \headheight is too small (10.0pt): 
(fancyhdr)                Make it at least 14.49998pt, for example:
(fancyhdr)                \setlength{\headheight}{14.49998pt}.
(fancyhdr)                You might also make \topmargin smaller to compensate:

(fancyhdr)                \addtolength{\topmargin}{-4.49998pt}.

[42 <./figuras/capi 2/hpo/Optimizacion a resumen 2.14.jpg>]
<figuras/capi 2/hpo/Optimizacion RProp.jpg, id=1009, 5305.8225pt x 1014.79124pt
>
File: figuras/capi 2/hpo/Optimizacion RProp.jpg Graphic file (type jpg)
<use figuras/capi 2/hpo/Optimizacion RProp.jpg>
Package pdftex.def Info: figuras/capi 2/hpo/Optimizacion RProp.jpg  used on inp
ut line 279.
(pdftex.def)             Requested size: 469.47046pt x 89.77882pt.
<figuras/capi 2/hpo/Optimizacion PNN.jpg, id=1011, 5305.8225pt x 1014.79124pt>
File: figuras/capi 2/hpo/Optimizacion PNN.jpg Graphic file (type jpg)
<use figuras/capi 2/hpo/Optimizacion PNN.jpg>
Package pdftex.def Info: figuras/capi 2/hpo/Optimizacion PNN.jpg  used on input
 line 290.
(pdftex.def)             Requested size: 469.47046pt x 89.77882pt.
LaTeX Info: Redefining \. on input line 294.
LaTeX Info: Redefining \% on input line 294.


Package fancyhdr Warning: \headheight is too small (10.0pt): 
(fancyhdr)                Make it at least 14.49998pt, for example:
(fancyhdr)                \setlength{\headheight}{14.49998pt}.
(fancyhdr)                You might also make \topmargin smaller to compensate:

(fancyhdr)                \addtolength{\topmargin}{-4.49998pt}.

[43 <./figuras/capi 2/hpo/Optimizacion RProp.jpg>]
<figuras/capi 2/hpo/Optimizacion SVM.jpg, id=1018, 7594.3725pt x 2357.80875pt>
File: figuras/capi 2/hpo/Optimizacion SVM.jpg Graphic file (type jpg)
<use figuras/capi 2/hpo/Optimizacion SVM.jpg>
Package pdftex.def Info: figuras/capi 2/hpo/Optimizacion SVM.jpg  used on input
 line 303.
(pdftex.def)             Requested size: 469.47046pt x 145.7437pt.
<figuras/capi 2/hpo/Optimizacion RandomForest.jpg, id=1020, 5305.8225pt x 1014.
79124pt>
File: figuras/capi 2/hpo/Optimizacion RandomForest.jpg Graphic file (type jpg)
<use figuras/capi 2/hpo/Optimizacion RandomForest.jpg>
Package pdftex.def Info: figuras/capi 2/hpo/Optimizacion RandomForest.jpg  used
 on input line 314.
(pdftex.def)             Requested size: 469.47046pt x 89.77882pt.
LaTeX Info: Redefining \. on input line 318.
LaTeX Info: Redefining \% on input line 318.


Package fancyhdr Warning: \headheight is too small (10.0pt): 
(fancyhdr)                Make it at least 14.49998pt, for example:
(fancyhdr)                \setlength{\headheight}{14.49998pt}.
(fancyhdr)                You might also make \topmargin smaller to compensate:

(fancyhdr)                \addtolength{\topmargin}{-4.49998pt}.

[44 <./figuras/capi 2/hpo/Optimizacion PNN.jpg> <./figuras/capi 2/hpo/Optimizac
ion SVM.jpg>]
Underfull \hbox (badness 10000) in paragraph at lines 321--322

 []

<figuras/capi 2/Diagrama General Componente.png, id=1026, 4824.0225pt x 3161.81
25pt>
File: figuras/capi 2/Diagrama General Componente.png Graphic file (type png)
<use figuras/capi 2/Diagrama General Componente.png>
Package pdftex.def Info: figuras/capi 2/Diagrama General Componente.png  used o
n input line 325.
(pdftex.def)             Requested size: 469.47046pt x 307.66035pt.

Underfull \hbox (badness 10000) in paragraph at lines 331--332

 []

LaTeX Info: Redefining \. on input line 332.
LaTeX Info: Redefining \% on input line 332.

Package fancyhdr Warning: \headheight is too small (10.0pt): 
(fancyhdr)                Make it at least 14.49998pt, for example:
(fancyhdr)                \setlength{\headheight}{14.49998pt}.
(fancyhdr)                You might also make \topmargin smaller to compensate:

(fancyhdr)                \addtolength{\topmargin}{-4.49998pt}.

[45 <./figuras/capi 2/hpo/Optimizacion RandomForest.jpg> <./figuras/capi 2/Diag
rama General Componente.png>]
Underfull \hbox (badness 10000) in paragraph at lines 333--334

 []

<figuras/capi 2/modelos/procesado id3.drawio.png, id=1034, 5606.9475pt x 1505.6
25pt>
File: figuras/capi 2/modelos/procesado id3.drawio.png Graphic file (type png)
<use figuras/capi 2/modelos/procesado id3.drawio.png>
Package pdftex.def Info: figuras/capi 2/modelos/procesado id3.drawio.png  used 
on input line 342.
(pdftex.def)             Requested size: 469.47046pt x 126.0581pt.
<figuras/capi 2/modelos/procesado c4pt5.drawio.png, id=1037, 5865.915pt x 1722.
435pt>
File: figuras/capi 2/modelos/procesado c4pt5.drawio.png Graphic file (type png)

<use figuras/capi 2/modelos/procesado c4pt5.drawio.png>
Package pdftex.def Info: figuras/capi 2/modelos/procesado c4pt5.drawio.png  use
d on input line 354.
(pdftex.def)             Requested size: 469.47046pt x 137.85017pt.

LaTeX Warning: `h' float specifier changed to `ht'.

LaTeX Info: Redefining \. on input line 360.
LaTeX Info: Redefining \% on input line 360.

Package fancyhdr Warning: \headheight is too small (10.0pt): 
(fancyhdr)                Make it at least 14.49998pt, for example:
(fancyhdr)                \setlength{\headheight}{14.49998pt}.
(fancyhdr)                You might also make \topmargin smaller to compensate:

(fancyhdr)                \addtolength{\topmargin}{-4.49998pt}.

[46 <./figuras/capi 2/modelos/procesado id3.drawio.png>]
<figuras/capi 2/modelos/procesado cart.drawio.png, id=1044, 4986.63pt x 1725.44
624pt>
File: figuras/capi 2/modelos/procesado cart.drawio.png Graphic file (type png)
<use figuras/capi 2/modelos/procesado cart.drawio.png>
Package pdftex.def Info: figuras/capi 2/modelos/procesado cart.drawio.png  used
 on input line 367.
(pdftex.def)             Requested size: 469.47046pt x 162.41838pt.
LaTeX Info: Redefining \. on input line 371.
LaTeX Info: Redefining \% on input line 371.


Package fancyhdr Warning: \headheight is too small (10.0pt): 
(fancyhdr)                Make it at least 14.49998pt, for example:
(fancyhdr)                \setlength{\headheight}{14.49998pt}.
(fancyhdr)                You might also make \topmargin smaller to compensate:

(fancyhdr)                \addtolength{\topmargin}{-4.49998pt}.

[47 <./figuras/capi 2/modelos/procesado c4pt5.drawio.png>]
<figuras/capi 2/modelos/procesado rf.drawio.png, id=1051, 4872.2025pt x 1508.63
625pt>
File: figuras/capi 2/modelos/procesado rf.drawio.png Graphic file (type png)
<use figuras/capi 2/modelos/procesado rf.drawio.png>
Package pdftex.def Info: figuras/capi 2/modelos/procesado rf.drawio.png  used o
n input line 379.
(pdftex.def)             Requested size: 469.47046pt x 145.34769pt.
LaTeX Info: Redefining \. on input line 387.
LaTeX Info: Redefining \% on input line 387.


Package fancyhdr Warning: \headheight is too small (10.0pt): 
(fancyhdr)                Make it at least 14.49998pt, for example:
(fancyhdr)                \setlength{\headheight}{14.49998pt}.
(fancyhdr)                You might also make \topmargin smaller to compensate:

(fancyhdr)                \addtolength{\topmargin}{-4.49998pt}.

[48 <./figuras/capi 2/modelos/procesado cart.drawio.png> <./figuras/capi 2/mode
los/procesado rf.drawio.png>]
<figuras/capi 2/modelos/procesado rprop.drawio.png, id=1059, 5670.18375pt x 157
1.8725pt>
File: figuras/capi 2/modelos/procesado rprop.drawio.png Graphic file (type png)

<use figuras/capi 2/modelos/procesado rprop.drawio.png>
Package pdftex.def Info: figuras/capi 2/modelos/procesado rprop.drawio.png  use
d on input line 390.
(pdftex.def)             Requested size: 469.47046pt x 130.14159pt.
<figuras/capi 2/modelos/procesado pnn.drawio.png, id=1061, 5730.40875pt x 1701.
35625pt>
File: figuras/capi 2/modelos/procesado pnn.drawio.png Graphic file (type png)
<use figuras/capi 2/modelos/procesado pnn.drawio.png>
Package pdftex.def Info: figuras/capi 2/modelos/procesado pnn.drawio.png  used 
on input line 402.
(pdftex.def)             Requested size: 469.47046pt x 139.38231pt.
LaTeX Info: Redefining \. on input line 410.
LaTeX Info: Redefining \% on input line 410.


Package fancyhdr Warning: \headheight is too small (10.0pt): 
(fancyhdr)                Make it at least 14.49998pt, for example:
(fancyhdr)                \setlength{\headheight}{14.49998pt}.
(fancyhdr)                You might also make \topmargin smaller to compensate:

(fancyhdr)                \addtolength{\topmargin}{-4.49998pt}.

[49 <./figuras/capi 2/modelos/procesado rprop.drawio.png> <./figuras/capi 2/mod
elos/procesado pnn.drawio.png>]
<figuras/capi 2/modelos/procesado svm.drawio.png, id=1070, 5579.84625pt x 1680.
2775pt>
File: figuras/capi 2/modelos/procesado svm.drawio.png Graphic file (type png)
<use figuras/capi 2/modelos/procesado svm.drawio.png>
Package pdftex.def Info: figuras/capi 2/modelos/procesado svm.drawio.png  used 
on input line 413.
(pdftex.def)             Requested size: 469.47046pt x 141.3731pt.
LaTeX Info: Redefining \. on input line 432.
LaTeX Info: Redefining \% on input line 432.


Package fancyhdr Warning: \headheight is too small (10.0pt): 
(fancyhdr)                Make it at least 14.49998pt, for example:
(fancyhdr)                \setlength{\headheight}{14.49998pt}.
(fancyhdr)                You might also make \topmargin smaller to compensate:

(fancyhdr)                \addtolength{\topmargin}{-4.49998pt}.

[50 <./figuras/capi 2/modelos/procesado svm.drawio.png>])
\openout2 = `cap3.aux'.

 (cap3.tex
Cap\'{\i }tulo 3.
[51




]
<figuras/capi 3/pruebas-jenn/comparacion-disc.png, id=1087, 243.15843pt x 64.74
188pt>
File: figuras/capi 3/pruebas-jenn/comparacion-disc.png Graphic file (type png)
<use figuras/capi 3/pruebas-jenn/comparacion-disc.png>
Package pdftex.def Info: figuras/capi 3/pruebas-jenn/comparacion-disc.png  used
 on input line 38.
(pdftex.def)             Requested size: 234.73523pt x 62.49922pt.
<figuras/capi 3/pruebas-jenn/salida-discret.png, id=1088, 639.13782pt x 265.742
81pt>
File: figuras/capi 3/pruebas-jenn/salida-discret.png Graphic file (type png)
<use figuras/capi 3/pruebas-jenn/salida-discret.png>
Package pdftex.def Info: figuras/capi 3/pruebas-jenn/salida-discret.png  used o
n input line 45.
(pdftex.def)             Requested size: 375.57779pt x 156.15839pt.
LaTeX Info: Redefining \. on input line 55.
LaTeX Info: Redefining \% on input line 55.


Package fancyhdr Warning: \headheight is too small (10.0pt): 
(fancyhdr)                Make it at least 14.49998pt, for example:
(fancyhdr)                \setlength{\headheight}{14.49998pt}.
(fancyhdr)                You might also make \topmargin smaller to compensate:

(fancyhdr)                \addtolength{\topmargin}{-4.49998pt}.

[52 <./figuras/capi 3/pruebas-jenn/comparacion-disc.png> <./figuras/capi 3/prue
bas-jenn/salida-discret.png>]
<figuras/capi 3/pruebas-jenn/bd-string-preprocs.png, id=1097, 242.40562pt x 375
.65344pt>
File: figuras/capi 3/pruebas-jenn/bd-string-preprocs.png Graphic file (type png
)
<use figuras/capi 3/pruebas-jenn/bd-string-preprocs.png>
Package pdftex.def Info: figuras/capi 3/pruebas-jenn/bd-string-preprocs.png  us
ed on input line 81.
(pdftex.def)             Requested size: 140.84256pt x 218.27464pt.
LaTeX Info: Redefining \. on input line 87.
LaTeX Info: Redefining \% on input line 87.


Package fancyhdr Warning: \headheight is too small (10.0pt): 
(fancyhdr)                Make it at least 14.49998pt, for example:
(fancyhdr)                \setlength{\headheight}{14.49998pt}.
(fancyhdr)                You might also make \topmargin smaller to compensate:

(fancyhdr)                \addtolength{\topmargin}{-4.49998pt}.

[53 <./figuras/capi 3/pruebas-jenn/bd-string-preprocs.png>]
<figuras/capi 3/pruebas-jenn/resultado-cp1-string-prep.png, id=1105, 185.19188p
t x 378.66469pt>
File: figuras/capi 3/pruebas-jenn/resultado-cp1-string-prep.png Graphic file (t
ype png)
<use figuras/capi 3/pruebas-jenn/resultado-cp1-string-prep.png>
Package pdftex.def Info: figuras/capi 3/pruebas-jenn/resultado-cp1-string-prep.
png  used on input line 92.
(pdftex.def)             Requested size: 95.06647pt x 194.38757pt.
<figuras/capi 3/pruebas-jenn/resultado-cp2-string-prep.png, id=1106, 189.70876p
t x 377.15906pt>
File: figuras/capi 3/pruebas-jenn/resultado-cp2-string-prep.png Graphic file (t
ype png)
<use figuras/capi 3/pruebas-jenn/resultado-cp2-string-prep.png>
Package pdftex.def Info: figuras/capi 3/pruebas-jenn/resultado-cp2-string-prep.
png  used on input line 99.
(pdftex.def)             Requested size: 95.06647pt x 189.00493pt.
LaTeX Info: Redefining \. on input line 135.
LaTeX Info: Redefining \% on input line 135.


Package fancyhdr Warning: \headheight is too small (10.0pt): 
(fancyhdr)                Make it at least 14.49998pt, for example:
(fancyhdr)                \setlength{\headheight}{14.49998pt}.
(fancyhdr)                You might also make \topmargin smaller to compensate:

(fancyhdr)                \addtolength{\topmargin}{-4.49998pt}.

[54 <./figuras/capi 3/pruebas-jenn/resultado-cp1-string-prep.png> <./figuras/ca
pi 3/pruebas-jenn/resultado-cp2-string-prep.png>]
<figuras/capi 3/pruebas-jenn/comparacion-mvi.png, id=1116, 239.39438pt x 39.899
06pt>
File: figuras/capi 3/pruebas-jenn/comparacion-mvi.png Graphic file (type png)
<use figuras/capi 3/pruebas-jenn/comparacion-mvi.png>
Package pdftex.def Info: figuras/capi 3/pruebas-jenn/comparacion-mvi.png  used 
on input line 138.
(pdftex.def)             Requested size: 234.73523pt x 39.1227pt.
<figuras/capi 3/pruebas-jenn/resultado-cp2-mvi.png, id=1117, 919.93687pt x 322.
95656pt>
File: figuras/capi 3/pruebas-jenn/resultado-cp2-mvi.png Graphic file (type png)

<use figuras/capi 3/pruebas-jenn/resultado-cp2-mvi.png>
Package pdftex.def Info: figuras/capi 3/pruebas-jenn/resultado-cp2-mvi.png  use
d on input line 145.
(pdftex.def)             Requested size: 375.57779pt x 131.85126pt.
LaTeX Info: Redefining \. on input line 177.
LaTeX Info: Redefining \% on input line 177.


Package fancyhdr Warning: \headheight is too small (10.0pt): 
(fancyhdr)                Make it at least 14.49998pt, for example:
(fancyhdr)                \setlength{\headheight}{14.49998pt}.
(fancyhdr)                You might also make \topmargin smaller to compensate:

(fancyhdr)                \addtolength{\topmargin}{-4.49998pt}.

[55 <./figuras/capi 3/pruebas-jenn/comparacion-mvi.png> <./figuras/capi 3/prueb
as-jenn/resultado-cp2-mvi.png>]
<figuras/capi 3/pruebas-jenn/comparacion-norm.png, id=1128, 241.65282pt x 54.20
25pt>
File: figuras/capi 3/pruebas-jenn/comparacion-norm.png Graphic file (type png)
<use figuras/capi 3/pruebas-jenn/comparacion-norm.png>
Package pdftex.def Info: figuras/capi 3/pruebas-jenn/comparacion-norm.png  used
 on input line 182.
(pdftex.def)             Requested size: 234.73523pt x 52.65326pt.
<figuras/capi 3/pruebas-jenn/norm-cp1.png, id=1129, 834.86906pt x 239.39438pt>
File: figuras/capi 3/pruebas-jenn/norm-cp1.png Graphic file (type png)
<use figuras/capi 3/pruebas-jenn/norm-cp1.png>
Package pdftex.def Info: figuras/capi 3/pruebas-jenn/norm-cp1.png  used on inpu
t line 190.
(pdftex.def)             Requested size: 375.57779pt x 107.69724pt.
<figuras/capi 3/pruebas-jenn/categorias-a-codificar.png, id=1132, 164.11313pt x
 39.89906pt>
File: figuras/capi 3/pruebas-jenn/categorias-a-codificar.png Graphic file (type
 png)
<use figuras/capi 3/pruebas-jenn/categorias-a-codificar.png>
Package pdftex.def Info: figuras/capi 3/pruebas-jenn/categorias-a-codificar.png
  used on input line 201.
(pdftex.def)             Requested size: 187.78531pt x 45.65462pt.
LaTeX Info: Redefining \. on input line 204.
LaTeX Info: Redefining \% on input line 204.


Package fancyhdr Warning: \headheight is too small (10.0pt): 
(fancyhdr)                Make it at least 14.49998pt, for example:
(fancyhdr)                \setlength{\headheight}{14.49998pt}.
(fancyhdr)                You might also make \topmargin smaller to compensate:

(fancyhdr)                \addtolength{\topmargin}{-4.49998pt}.

[56 <./figuras/capi 3/pruebas-jenn/comparacion-norm.png> <./figuras/capi 3/prue
bas-jenn/norm-cp1.png>]
<figuras/capi 3/pruebas-jenn/resultado-cp3-codif-norm.png, id=1139, 934.24031pt
 x 295.85532pt>
File: figuras/capi 3/pruebas-jenn/resultado-cp3-codif-norm.png Graphic file (ty
pe png)
<use figuras/capi 3/pruebas-jenn/resultado-cp3-codif-norm.png>
Package pdftex.def Info: figuras/capi 3/pruebas-jenn/resultado-cp3-codif-norm.p
ng  used on input line 208.
(pdftex.def)             Requested size: 375.57779pt x 118.94043pt.
LaTeX Info: Redefining \. on input line 233.
LaTeX Info: Redefining \% on input line 233.


Package fancyhdr Warning: \headheight is too small (10.0pt): 
(fancyhdr)                Make it at least 14.49998pt, for example:
(fancyhdr)                \setlength{\headheight}{14.49998pt}.
(fancyhdr)                You might also make \topmargin smaller to compensate:

(fancyhdr)                \addtolength{\topmargin}{-4.49998pt}.

[57 <./figuras/capi 3/pruebas-jenn/categorias-a-codificar.png> <./figuras/capi 
3/pruebas-jenn/resultado-cp3-codif-norm.png>])
LaTeX Info: Redefining \. on input line 189.
LaTeX Info: Redefining \% on input line 189.


Package fancyhdr Warning: \headheight is too small (10.0pt): 
(fancyhdr)                Make it at least 14.49998pt, for example:
(fancyhdr)                \setlength{\headheight}{14.49998pt}.
(fancyhdr)                You might also make \topmargin smaller to compensate:

(fancyhdr)                \addtolength{\topmargin}{-4.49998pt}.

[58]
\openout2 = `conc.aux'.

 (conc.tex) [59





]
\openout2 = `rec.aux'.

 (rec.tex
LaTeX Font Info:    Trying to load font information for TS1+XCharter-TLF on inp
ut line 7.

(C:\Users\Jenny\AppData\Local\Programs\MiKTeX\tex/latex/xcharter\ts1xcharter-tl
f.fd
File: TS1XCharter-TLF.fd 2020/05/25 (msharpe) Font definitions for TS1/XCharter
-TLF.
)
LaTeX Font Info:    Font shape `TS1/XCharter-TLF/m/n' will be
(Font)              scaled to size 12.0pt on input line 7.
) [60





{C:/Users/Jenny/AppData/Local/Programs/MiKTeX/fonts/enc/dvips/xcharter/xch1_co4
ru4.enc}] (informe-practicas.bbl [61




]
LaTeX Font Info:    Font shape `T1/XCharter-TLF/m/n' will be
(Font)              scaled to size 6.0pt on input line 134.


Package fancyhdr Warning: \headheight is too small (10.0pt): 
(fancyhdr)                Make it at least 14.49998pt, for example:
(fancyhdr)                \setlength{\headheight}{14.49998pt}.
(fancyhdr)                You might also make \topmargin smaller to compensate:

(fancyhdr)                \addtolength{\topmargin}{-4.49998pt}.

[62]

Package fancyhdr Warning: \headheight is too small (10.0pt): 
(fancyhdr)                Make it at least 14.49998pt, for example:
(fancyhdr)                \setlength{\headheight}{14.49998pt}.
(fancyhdr)                You might also make \topmargin smaller to compensate:

(fancyhdr)                \addtolength{\topmargin}{-4.49998pt}.

[63]

Package fancyhdr Warning: \headheight is too small (10.0pt): 
(fancyhdr)                Make it at least 14.49998pt, for example:
(fancyhdr)                \setlength{\headheight}{14.49998pt}.
(fancyhdr)                You might also make \topmargin smaller to compensate:

(fancyhdr)                \addtolength{\topmargin}{-4.49998pt}.

[64])

Package fancyhdr Warning: \headheight is too small (10.0pt): 
(fancyhdr)                Make it at least 14.49998pt, for example:
(fancyhdr)                \setlength{\headheight}{14.49998pt}.
(fancyhdr)                You might also make \topmargin smaller to compensate:

(fancyhdr)                \addtolength{\topmargin}{-4.49998pt}.

[65]
\openout2 = `anexo.aux'.

 (anexo.tex
Anexo A.
) [66




] (informe-practicas.aux (portada.aux)
LaTeX Info: Redefining \. on input line 24.
LaTeX Info: Redefining \% on input line 24.
 (dec_autoria.aux)
(opinion_tutor.aux) (dedicatoria.aux) (agradecimientos.aux) (resumen.aux)
(abstrac.aux) (introduccion.aux) (cap1.aux) (cap2.aux) (cap3.aux) (conc.aux)
(rec.aux) (anexo.aux))

LaTeX Warning: There were undefined references.

Package rerunfilecheck Info: File `informe-practicas.out' has not changed.
(rerunfilecheck)             Checksum: 986CA5A7E48DA65E41235545A57FD10E;14895.
 )
(\end occurred inside a group at level 1)

### simple group (level 1) entered at line 2 ({)
### bottom level 
Here is how much of TeX's memory you used:
 21354 strings out of 476331
 379584 string characters out of 5787764
 1870660 words of memory out of 5000000
 40941 multiletter control sequences out of 15000+600000
 662271 words of font info for 102 fonts, out of 8000000 for 9000
 1141 hyphenation exceptions out of 8191
 108i,18n,131p,1982b,801s stack positions out of 10000i,1000n,20000p,200000b,200000s

pdfTeX warning (dest): name{Hfootnote.2} has been referenced but does not exist
, replaced by a fixed one


pdfTeX warning (dest): name{Hfootnote.1} has been referenced but does not exist
, replaced by a fixed one

 <C:\Users\Jenny\AppData\Local\MiKTeX\fonts/pk/ljfour/jknappen/ec/dpi600\ectt12
00.pk><C:/Users/Jenny/AppData/Local/Programs/MiKTeX/fonts/type1/public/xcharter
/XCharter-Bold.pfb><C:/Users/Jenny/AppData/Local/Programs/MiKTeX/fonts/type1/pu
blic/xcharter/XCharter-BoldItalic.pfb><C:/Users/Jenny/AppData/Local/Programs/Mi
KTeX/fonts/type1/public/xcharter/XCharter-Italic.pfb><C:/Users/Jenny/AppData/Lo
cal/Programs/MiKTeX/fonts/type1/public/xcharter/XCharter-Roman.pfb><C:/Users/Je
nny/AppData/Local/Programs/MiKTeX/fonts/type1/public/amsfonts/cm/cmmi12.pfb><C:
/Users/Jenny/AppData/Local/Programs/MiKTeX/fonts/type1/public/amsfonts/cm/cmr12
.pfb><C:/Users/Jenny/AppData/Local/Programs/MiKTeX/fonts/type1/public/amsfonts/
cm/cmr8.pfb><C:/Users/Jenny/AppData/Local/Programs/MiKTeX/fonts/type1/public/am
sfonts/cm/cmsy10.pfb>
Output written on informe-practicas.pdf (78 pages, 7322637 bytes).
PDF statistics:
 1313 PDF objects out of 1440 (max. 8388607)
 299 named destinations out of 1000 (max. 500000)
 660 words of extra memory for PDF output out of 10000 (max. 10000000)

